#
# There is insufficient memory for the Java Runtime Environment to continue.
# Native memory allocation (mmap) failed to map 227540992 bytes for Failed to commit area from 0x00000000d3800000 to 0x00000000e1100000 of length 227540992.
# Possible reasons:
#   The system is out of physical RAM or swap space
#   The process is running with CompressedOops enabled, and the Java Heap may be blocking the growth of the native heap
# Possible solutions:
#   Reduce memory load on the system
#   Increase physical memory or swap space
#   Check if swap backing store is full
#   Decrease Java heap size (-Xmx/-Xms)
#   Decrease number of Java threads
#   Decrease Java thread stack sizes (-Xss)
#   Set larger code cache with -XX:ReservedCodeCacheSize=
#   JVM is running with Unscaled Compressed Oops mode in which the Java heap is
#     placed in the first 4GB address space. The Java Heap base address is the
#     maximum limit for the native heap growth. Please use -XX:HeapBaseMinAddress
#     to set the Java Heap base and to place the Java Heap above 4GB virtual address.
# This output file may be truncated or incomplete.
#
#  Out of Memory Error (./src/hotspot/os/windows/os_windows.cpp:3380), pid=7852, tid=15396
#
# JRE version: OpenJDK Runtime Environment Microsoft-25199 (11.0.12+7) (build 11.0.12+7)
# Java VM: OpenJDK 64-Bit Server VM Microsoft-25199 (11.0.12+7, mixed mode, tiered, compressed oops, g1 gc, windows-amd64)
# No core dump will be written. Minidumps are not enabled by default on client versions of Windows
#

---------------  S U M M A R Y ------------

Command Line: -Xmx1G com.android.tools.r8.D8 --debug --min-api 21 --output obj\Debug\net6.0-android\android\bin\ --lib C:\Program Files (x86)\Android\android-sdk\platforms\android-31\android.jar obj\Debug\net6.0-android\android\bin\classes.zip C:\Program Files\dotnet\packs\Microsoft.Android.Ref.31\32.0.448\ref\net6.0\mono.android.jar C:\Program Files\dotnet\packs\Microsoft.Android.Sdk.Windows\32.0.448\tools\java_runtime_fastdev_net6.jar C:\Users\luanG\.nuget\packages\xamarin.jetbrains.annotations\23.0.0.3\buildTransitive\net6.0-android31.0\..\..\jar\org.jetbrains.annotations-23.0.0.jar C:\Users\luanG\.nuget\packages\xamarin.kotlin.stdlib\1.6.20.1\buildTransitive\net6.0-android31.0\..\..\jar\org.jetbrains.kotlin.kotlin-stdlib-1.6.20.jar C:\Users\luanG\.nuget\packages\xamarin.kotlin.stdlib.jdk7\1.6.20.1\buildTransitive\net6.0-android31.0\..\..\jar\org.jetbrains.kotlin.kotlin-stdlib-jdk7-1.6.20.jar C:\Users\luanG\.nuget\packages\xamarin.kotlin.stdlib.jdk8\1.6.20.1\buildTransitive\net6.0-android31.0\..\..\jar\org.jetbrains.kotlin.kotlin-stdlib-jdk8-1.6.20.jar C:\Users\luanG\.nuget\packages\xamarin.kotlinx.coroutines.core.jvm\1.6.0.1\buildTransitive\net6.0-android31.0\..\..\jar\org.jetbrains.kotlinx.kotlinx-coroutines-core-jvm-1.6.0.jar C:\Users\luanG\.nuget\packages\xamarin.kotlinx.coroutines.android\1.6.0.1\buildTransitive\net6.0-android31.0\..\..\jar\org.jetbrains.kotlinx.kotlinx-coroutines-android-1.6.0.jar C:\Users\luanG\.nuget\packages\xamarin.google.guava.listenablefuture\1.0.0.5\buildTransitive\net6.0-android31.0\..\..\jar\guava-listenablefuture.jar C:\Users\luanG\.nuget\packages\xamarin.androidx.annotation\1.3.0.3\buildTransitive\net6.0-android31.0\..\..\jar\androidx.annotation.annotation.jar C:\Users\luanG\.nuget\packages\xamarin.androidx.collection\1.2.0.3\buildTransitive\net6.0-android31.0\..\..\jar\androidx.collection.collection.jar C:\Users\luanG\.nuget\packages\xamarin.androidx.lifecycle.common\2.4.1.1\buildTransitive\net6.0-android31.0\..\..\jar\androidx.lifecycle.lifecycle-common.jar C:\Users\luanG\.nuget\packages\xamarin.androidx.arch.core.common\2.1.0.14\buildTransitive\net6.0-android31.0\..\..\jar\androidx.arch.core.core-common.jar C:\Users\luanG\.nuget\packages\xamarin.androidx.concurrent.futures\1.1.0.8\buildTransitive\net6.0-android31.0\..\..\jar\androidx.concurrent.concurrent-futures.jar C:\Users\luanG\.nuget\packages\xamarin.androidx.resourceinspection.annotation\1.0.1.1\buildTransitive\net6.0-android31.0\..\..\jar\androidx.resourceinspection.resourceinspection-annotation.jar C:\Users\luanG\.nuget\packages\xamarin.androidx.constraintlayout.core\1.0.3.1\buildTransitive\net6.0-android31.0\..\..\jar\androidx.constraintlayout.constraintlayout-core.jar C:\Users\luanG\.nuget\packages\xamarin.androidx.collection.ktx\1.2.0.3\buildTransitive\net6.0-android31.0\..\..\jar\androidx.collection.collection-ktx.jar C:\Users\luanG\.nuget\packages\xamarin.android.glide.disklrucache\4.12.0.8\buildTransitive\net6.0-android31.0\..\..\jar\disklrucache.jar C:\Users\luanG\.nuget\packages\xamarin.android.glide.annotations\4.12.0.8\buildTransitive\net6.0-android31.0\..\..\jar\annotations.jar obj\Debug\net6.0-android\lp\100\jl\classes.jar obj\Debug\net6.0-android\lp\101\jl\classes.jar obj\Debug\net6.0-android\lp\102\jl\classes.jar obj\Debug\net6.0-android\lp\103\jl\classes.jar obj\Debug\net6.0-android\lp\104\jl\classes.jar obj\Debug\net6.0-android\lp\105\jl\classes.jar obj\Debug\net6.0-android\lp\106\jl\classes.jar obj\Debug\net6.0-android\lp\107\jl\classes.jar obj\Debug\net6.0-android\lp\108\jl\classes.jar obj\Debug\net6.0-android\lp\109\jl\classes.jar obj\Debug\net6.0-android\lp\110\jl\classes.jar obj\Debug\net6.0-android\lp\111\jl\classes.jar obj\Debug\net6.0-android\lp\112\jl\classes.jar obj\Debug\net6.0-android\lp\113\jl\classes.jar obj\Debug\net6.0-android\lp\114\jl\classes.jar obj\Debug\net6.0-android\lp\115\jl\classes.jar obj\Debug\net6.0-android\lp\116\jl\classes.jar obj\Debug\net6.0-android\lp\117\jl\classes.jar obj\Debug\net6.0-android\lp\118\jl\classes.jar obj\Debug\net6.0-android\lp\119\jl\classes.jar obj\Debug\net6.0-android\lp\120\jl\classes.jar obj\Debug\net6.0-android\lp\121\jl\classes.jar obj\Debug\net6.0-android\lp\121\jl\libs\repackaged.jar obj\Debug\net6.0-android\lp\122\jl\classes.jar obj\Debug\net6.0-android\lp\123\jl\classes.jar obj\Debug\net6.0-android\lp\124\jl\classes.jar obj\Debug\net6.0-android\lp\125\jl\classes.jar obj\Debug\net6.0-android\lp\126\jl\classes.jar obj\Debug\net6.0-android\lp\127\jl\classes.jar obj\Debug\net6.0-android\lp\128\jl\classes.jar obj\Debug\net6.0-android\lp\129\jl\classes.jar obj\Debug\net6.0-android\lp\130\jl\classes.jar obj\Debug\net6.0-android\lp\131\jl\classes.jar obj\Debug\net6.0-android\lp\132\jl\classes.jar obj\Debug\net6.0-android\lp\133\jl\classes.jar obj\Debug\net6.0-android\lp\134\jl\classes.jar obj\Debug\net6.0-android\lp\135\jl\classes.jar obj\Debug\net6.0-android\lp\136\jl\classes.jar obj\Debug\net6.0-android\lp\137\jl\classes.jar obj\Debug\net6.0-android\lp\138\jl\classes.jar obj\Debug\net6.0-android\lp\139\jl\classes.jar obj\Debug\net6.0-android\lp\140\jl\classes.jar obj\Debug\net6.0-android\lp\141\jl\classes.jar obj\Debug\net6.0-android\lp\142\jl\classes.jar obj\Debug\net6.0-android\lp\143\jl\classes.jar obj\Debug\net6.0-android\lp\144\jl\classes.jar obj\Debug\net6.0-android\lp\145\jl\classes.jar obj\Debug\net6.0-android\lp\146\jl\classes.jar obj\Debug\net6.0-android\lp\147\jl\classes.jar obj\Debug\net6.0-android\lp\148\jl\classes.jar obj\Debug\net6.0-android\lp\149\jl\classes.jar obj\Debug\net6.0-android\lp\151\jl\classes.jar obj\Debug\net6.0-android\lp\152\jl\classes.jar obj\Debug\net6.0-android\lp\153\jl\classes.jar obj\Debug\net6.0-android\lp\154\jl\classes.jar obj\Debug\net6.0-android\lp\155\jl\libs\ED64959F88B22E6D.jar obj\Debug\net6.0-android\lp\156\jl\libs\F975D0960055A5E3.jar obj\Debug\net6.0-android\lp\7\jl\classes.jar obj\Debug\net6.0-android\lp\93\jl\classes.jar obj\Debug\net6.0-android\lp\94\jl\classes.jar obj\Debug\net6.0-android\lp\95\jl\classes.jar obj\Debug\net6.0-android\lp\96\jl\classes.jar obj\Debug\net6.0-android\lp\97\jl\classes.jar obj\Debug\net6.0-android\lp\98\jl\classes.jar obj\Debug\net6.0-android\lp\99\jl\classes.jar

Host: Intel(R) Core(TM) i5-8265U CPU @ 1.60GHz, 8 cores, 3G,  Windows 10 , 64 bit Build 22000 (10.0.22000.708)
Time: Tue Sep 20 23:27:46 2022 E. South America Standard Time elapsed time: 8.403678 seconds (0d 0h 0m 8s)

---------------  T H R E A D  ---------------

Current thread (0x00000154fd222800):  VMThread "VM Thread" [stack: 0x0000003097400000,0x0000003097500000] [id=15396]

Stack: [0x0000003097400000,0x0000003097500000]
[error occurred during error reporting (printing stack bounds), id 0xc0000005, EXCEPTION_ACCESS_VIOLATION (0xc0000005) at pc=0x00000154e8ee112d]

Native frames: (J=compiled Java code, j=interpreted, Vv=VM code, C=native code)
V  [jvm.dll+0x6090fa]
V  [jvm.dll+0x79229e]
V  [jvm.dll+0x79396f]
V  [jvm.dll+0x793f95]
V  [jvm.dll+0x793f4b]
V  [jvm.dll+0x608487]
V  [jvm.dll+0x608b98]
C  [ntdll.dll+0xa8b1f]
C  [ntdll.dll+0x35b9a]
C  [ntdll.dll+0xa7b2e]
C  0x00000154e8ee112d

VM_Operation (0x00000030985fd990): G1CollectForAllocation, mode: safepoint, requested by thread 0x00000154fdd34800


---------------  P R O C E S S  ---------------

Threads class SMR info:
_java_thread_list=0x00000154fe614b40, length=14, elements={
0x00000154e07c9800, 0x00000154fd224800, 0x00000154fd22d800, 0x00000154fd241800,
0x00000154fd243000, 0x00000154fd246000, 0x00000154fd247000, 0x00000154fdba0800,
0x00000154fd29c000, 0x00000154fdd35000, 0x00000154fdd36000, 0x00000154fdd37000,
0x00000154fdd34800, 0x00000154fdd37800
}

Java Threads: ( => current thread )
  0x00000154e07c9800 JavaThread "main" [_thread_blocked, id=20148, stack(0x0000003096e00000,0x0000003096f00000)]
  0x00000154fd224800 JavaThread "Reference Handler" daemon [_thread_blocked, id=1360, stack(0x0000003097500000,0x0000003097600000)]
  0x00000154fd22d800 JavaThread "Finalizer" daemon [_thread_blocked, id=1452, stack(0x0000003097600000,0x0000003097700000)]
  0x00000154fd241800 JavaThread "Signal Dispatcher" daemon [_thread_blocked, id=23420, stack(0x0000003097700000,0x0000003097800000)]
  0x00000154fd243000 JavaThread "Attach Listener" daemon [_thread_blocked, id=24992, stack(0x0000003097800000,0x0000003097900000)]
  0x00000154fd246000 JavaThread "Service Thread" daemon [_thread_blocked, id=23440, stack(0x0000003097900000,0x0000003097a00000)]
  0x00000154fd247000 JavaThread "C2 CompilerThread0" daemon [_thread_blocked, id=21172, stack(0x0000003097a00000,0x0000003097b00000)]
  0x00000154fdba0800 JavaThread "C1 CompilerThread0" daemon [_thread_blocked, id=15600, stack(0x0000003097b00000,0x0000003097c00000)]
  0x00000154fd29c000 JavaThread "Sweeper thread" daemon [_thread_blocked, id=20708, stack(0x0000003097c00000,0x0000003097d00000)]
  0x00000154fdd35000 JavaThread "Common-Cleaner" daemon [_thread_blocked, id=13288, stack(0x0000003097e00000,0x0000003097f00000)]
  0x00000154fdd36000 JavaThread "ForkJoinPool-1-worker-3" daemon [_thread_blocked, id=18920, stack(0x0000003098300000,0x0000003098400000)]
  0x00000154fdd37000 JavaThread "ForkJoinPool-1-worker-5" daemon [_thread_blocked, id=20656, stack(0x0000003098400000,0x0000003098500000)]
  0x00000154fdd34800 JavaThread "ForkJoinPool-1-worker-7" daemon [_thread_blocked, id=11592, stack(0x0000003098500000,0x0000003098600000)]
  0x00000154fdd37800 JavaThread "ForkJoinPool-1-worker-1" daemon [_thread_blocked, id=24200, stack(0x0000003098600000,0x0000003098700000)]

Other Threads:
=>0x00000154fd222800 VMThread "VM Thread" [stack: 0x0000003097400000,0x0000003097500000] [id=15396]
  0x00000154fdd25800 WatcherThread [stack: 0x0000003097d00000,0x0000003097e00000] [id=18308]
  0x00000154e07e1000 GCTaskThread "GC Thread#0" [stack: 0x0000003096f00000,0x0000003097000000] [id=23088]
  0x00000154fe278800 GCTaskThread "GC Thread#1" [stack: 0x0000003097f00000,0x0000003098000000] [id=11244]
  0x00000154ff10c000 GCTaskThread "GC Thread#2" [stack: 0x0000003098700000,0x0000003098800000] [id=25060]
  0x00000154fe9b5800 GCTaskThread "GC Thread#3" [stack: 0x0000003098a00000,0x0000003098b00000] [id=10600]
  0x00000154fe9b6000 GCTaskThread "GC Thread#4" [stack: 0x0000003098b00000,0x0000003098c00000] [id=20132]
  0x00000154fdf6e800 GCTaskThread "GC Thread#5" [stack: 0x0000003098c00000,0x0000003098d00000] [id=5440]
  0x00000154ff09b800 GCTaskThread "GC Thread#6" [stack: 0x0000003098d00000,0x0000003098e00000] [id=20780]
  0x00000154e0800800 ConcurrentGCThread "G1 Main Marker" [stack: 0x0000003097000000,0x0000003097100000] [id=16084]
  0x00000154e0805800 ConcurrentGCThread "G1 Conc#0" [stack: 0x0000003097100000,0x0000003097200000] [id=11524]
  0x00000154fe6da800 ConcurrentGCThread "G1 Conc#1" [stack: 0x0000003098200000,0x0000003098300000] [id=19540]
  0x00000154e085d800 ConcurrentGCThread "G1 Refine#0" [stack: 0x0000003097200000,0x0000003097300000] [id=22516]
  0x00000154fde65800 ConcurrentGCThread "G1 Refine#1" [stack: 0x0000003098000000,0x0000003098100000] [id=24904]
  0x00000154fe0f3800 ConcurrentGCThread "G1 Refine#2" [stack: 0x0000003098100000,0x0000003098200000] [id=332]
  0x00000154fe8cf800 ConcurrentGCThread "G1 Refine#3" [stack: 0x0000003098800000,0x0000003098900000] [id=10560]
  0x00000154fe2cc800 ConcurrentGCThread "G1 Refine#4" [stack: 0x0000003098900000,0x0000003098a00000] [id=18828]
  0x00000154fdfb6800 ConcurrentGCThread "G1 Refine#5" [stack: 0x0000003098e00000,0x0000003098f00000] [id=24616]
  0x00000154e085e800 ConcurrentGCThread "G1 Young RemSet Sampling" [stack: 0x0000003097300000,0x0000003097400000] [id=18820]

Threads with active compile tasks:
C2 CompilerThread0   8647 1700       4       com.android.tools.r8.graph.t2::c (676 bytes)

VM state:at safepoint (normal execution)

VM Mutex/Monitor currently owned by a thread:  ([mutex/lock_event])
[0x00000154e07c73c0] Threads_lock - owner thread: 0x00000154fd222800
[0x00000154e07c5ef0] Heap_lock - owner thread: 0x00000154fdd34800

Heap address: 0x00000000c0000000, size: 1024 MB, Compressed Oops mode: 32-bit
Narrow klass base: 0x0000000000000000, Narrow klass shift: 3
Compressed class space size: 1073741824 Address: 0x0000000100000000

Heap:
 garbage-first heap   total 541696K, used 143317K [0x00000000c0000000, 0x0000000100000000)
  region size 1024K, 12 young (12288K), 12 survivors (12288K)
 Metaspace       used 14902K, capacity 15192K, committed 15488K, reserved 1062912K
  class space    used 1513K, capacity 1614K, committed 1664K, reserved 1048576K
Heap Regions: E=young(eden), S=young(survivor), O=old, HS=humongous(starts), HC=humongous(continues), CS=collection set, F=free, A=archive, TAMS=top-at-mark-start (previous, next)
|   0|0x00000000c0000000, 0x00000000c0100000, 0x00000000c0100000|100%| O|  |TAMS 0x00000000c0100000, 0x00000000c0000000| Untracked 
|   1|0x00000000c0100000, 0x00000000c0200000, 0x00000000c0200000|100%| O|  |TAMS 0x00000000c0200000, 0x00000000c0100000| Untracked 
|   2|0x00000000c0200000, 0x00000000c0300000, 0x00000000c0300000|100%| O|  |TAMS 0x00000000c0300000, 0x00000000c0200000| Untracked 
|   3|0x00000000c0300000, 0x00000000c0400000, 0x00000000c0400000|100%| O|  |TAMS 0x00000000c0400000, 0x00000000c0300000| Untracked 
|   4|0x00000000c0400000, 0x00000000c0500000, 0x00000000c0500000|100%|HS|  |TAMS 0x00000000c0500000, 0x00000000c0400000| Complete 
|   5|0x00000000c0500000, 0x00000000c0600000, 0x00000000c0600000|100%| O|  |TAMS 0x00000000c0600000, 0x00000000c0500000| Untracked 
|   6|0x00000000c0600000, 0x00000000c0700000, 0x00000000c0700000|100%|HS|  |TAMS 0x00000000c0700000, 0x00000000c0600000| Complete 
|   7|0x00000000c0700000, 0x00000000c0800000, 0x00000000c0800000|100%|HC|  |TAMS 0x00000000c0800000, 0x00000000c0700000| Complete 
|   8|0x00000000c0800000, 0x00000000c0900000, 0x00000000c0900000|100%| O|  |TAMS 0x00000000c0900000, 0x00000000c0800000| Untracked 
|   9|0x00000000c0900000, 0x00000000c0a00000, 0x00000000c0a00000|100%| O|  |TAMS 0x00000000c0a00000, 0x00000000c0900000| Untracked 
|  10|0x00000000c0a00000, 0x00000000c0b00000, 0x00000000c0b00000|100%| O|  |TAMS 0x00000000c0b00000, 0x00000000c0a00000| Untracked 
|  11|0x00000000c0b00000, 0x00000000c0c00000, 0x00000000c0c00000|100%| O|  |TAMS 0x00000000c0c00000, 0x00000000c0b00000| Untracked 
|  12|0x00000000c0c00000, 0x00000000c0d00000, 0x00000000c0d00000|100%| O|  |TAMS 0x00000000c0d00000, 0x00000000c0c00000| Untracked 
|  13|0x00000000c0d00000, 0x00000000c0e00000, 0x00000000c0e00000|100%| O|  |TAMS 0x00000000c0e00000, 0x00000000c0d00000| Untracked 
|  14|0x00000000c0e00000, 0x00000000c0f00000, 0x00000000c0f00000|100%| O|  |TAMS 0x00000000c0f00000, 0x00000000c0e00000| Untracked 
|  15|0x00000000c0f00000, 0x00000000c1000000, 0x00000000c1000000|100%| O|  |TAMS 0x00000000c1000000, 0x00000000c0f00000| Untracked 
|  16|0x00000000c1000000, 0x00000000c1100000, 0x00000000c1100000|100%| O|  |TAMS 0x00000000c1100000, 0x00000000c1000000| Untracked 
|  17|0x00000000c1100000, 0x00000000c1200000, 0x00000000c1200000|100%| O|  |TAMS 0x00000000c1200000, 0x00000000c1100000| Untracked 
|  18|0x00000000c1200000, 0x00000000c1300000, 0x00000000c1300000|100%| O|  |TAMS 0x00000000c1300000, 0x00000000c1200000| Untracked 
|  19|0x00000000c1300000, 0x00000000c1400000, 0x00000000c1400000|100%| O|  |TAMS 0x00000000c1400000, 0x00000000c1300000| Untracked 
|  20|0x00000000c1400000, 0x00000000c1500000, 0x00000000c1500000|100%| O|  |TAMS 0x00000000c1500000, 0x00000000c1400000| Untracked 
|  21|0x00000000c1500000, 0x00000000c1600000, 0x00000000c1600000|100%| O|  |TAMS 0x00000000c1600000, 0x00000000c1500000| Untracked 
|  22|0x00000000c1600000, 0x00000000c1700000, 0x00000000c1700000|100%| O|  |TAMS 0x00000000c1700000, 0x00000000c1600000| Untracked 
|  23|0x00000000c1700000, 0x00000000c1800000, 0x00000000c1800000|100%| O|  |TAMS 0x00000000c1800000, 0x00000000c1700000| Untracked 
|  24|0x00000000c1800000, 0x00000000c1900000, 0x00000000c1900000|100%| O|  |TAMS 0x00000000c1900000, 0x00000000c1800000| Untracked 
|  25|0x00000000c1900000, 0x00000000c1a00000, 0x00000000c1a00000|100%| O|  |TAMS 0x00000000c1a00000, 0x00000000c1900000| Untracked 
|  26|0x00000000c1a00000, 0x00000000c1b00000, 0x00000000c1b00000|100%| O|  |TAMS 0x00000000c1b00000, 0x00000000c1a00000| Untracked 
|  27|0x00000000c1b00000, 0x00000000c1c00000, 0x00000000c1c00000|100%| O|  |TAMS 0x00000000c1c00000, 0x00000000c1b00000| Untracked 
|  28|0x00000000c1c00000, 0x00000000c1d00000, 0x00000000c1d00000|100%| O|  |TAMS 0x00000000c1d00000, 0x00000000c1c00000| Untracked 
|  29|0x00000000c1d00000, 0x00000000c1e00000, 0x00000000c1e00000|100%| O|  |TAMS 0x00000000c1e00000, 0x00000000c1d00000| Untracked 
|  30|0x00000000c1e00000, 0x00000000c1f00000, 0x00000000c1f00000|100%| O|  |TAMS 0x00000000c1f00000, 0x00000000c1e00000| Untracked 
|  31|0x00000000c1f00000, 0x00000000c2000000, 0x00000000c2000000|100%| O|  |TAMS 0x00000000c2000000, 0x00000000c1f00000| Untracked 
|  32|0x00000000c2000000, 0x00000000c2100000, 0x00000000c2100000|100%| O|  |TAMS 0x00000000c2100000, 0x00000000c2000000| Untracked 
|  33|0x00000000c2100000, 0x00000000c2200000, 0x00000000c2200000|100%| O|  |TAMS 0x00000000c2200000, 0x00000000c2100000| Untracked 
|  34|0x00000000c2200000, 0x00000000c2300000, 0x00000000c2300000|100%| O|  |TAMS 0x00000000c2300000, 0x00000000c2200000| Untracked 
|  35|0x00000000c2300000, 0x00000000c2400000, 0x00000000c2400000|100%| O|  |TAMS 0x00000000c2400000, 0x00000000c2300000| Untracked 
|  36|0x00000000c2400000, 0x00000000c2500000, 0x00000000c2500000|100%| O|  |TAMS 0x00000000c2500000, 0x00000000c2400000| Untracked 
|  37|0x00000000c2500000, 0x00000000c2600000, 0x00000000c2600000|100%| O|  |TAMS 0x00000000c2600000, 0x00000000c2500000| Untracked 
|  38|0x00000000c2600000, 0x00000000c2700000, 0x00000000c2700000|100%| O|  |TAMS 0x00000000c2700000, 0x00000000c2600000| Untracked 
|  39|0x00000000c2700000, 0x00000000c2800000, 0x00000000c2800000|100%| O|  |TAMS 0x00000000c2800000, 0x00000000c2700000| Untracked 
|  40|0x00000000c2800000, 0x00000000c2900000, 0x00000000c2900000|100%| O|  |TAMS 0x00000000c2900000, 0x00000000c2800000| Untracked 
|  41|0x00000000c2900000, 0x00000000c2a00000, 0x00000000c2a00000|100%| O|  |TAMS 0x00000000c2a00000, 0x00000000c2900000| Untracked 
|  42|0x00000000c2a00000, 0x00000000c2b00000, 0x00000000c2b00000|100%| O|  |TAMS 0x00000000c2b00000, 0x00000000c2a00000| Untracked 
|  43|0x00000000c2b00000, 0x00000000c2c00000, 0x00000000c2c00000|100%| O|  |TAMS 0x00000000c2c00000, 0x00000000c2b00000| Untracked 
|  44|0x00000000c2c00000, 0x00000000c2d00000, 0x00000000c2d00000|100%| O|  |TAMS 0x00000000c2d00000, 0x00000000c2c00000| Untracked 
|  45|0x00000000c2d00000, 0x00000000c2e00000, 0x00000000c2e00000|100%| O|  |TAMS 0x00000000c2e00000, 0x00000000c2d00000| Untracked 
|  46|0x00000000c2e00000, 0x00000000c2f00000, 0x00000000c2f00000|100%| O|  |TAMS 0x00000000c2f00000, 0x00000000c2e00000| Untracked 
|  47|0x00000000c2f00000, 0x00000000c3000000, 0x00000000c3000000|100%| O|  |TAMS 0x00000000c3000000, 0x00000000c2f00000| Untracked 
|  48|0x00000000c3000000, 0x00000000c3100000, 0x00000000c3100000|100%| O|  |TAMS 0x00000000c3100000, 0x00000000c3000000| Untracked 
|  49|0x00000000c3100000, 0x00000000c3200000, 0x00000000c3200000|100%| O|  |TAMS 0x00000000c3200000, 0x00000000c3100000| Untracked 
|  50|0x00000000c3200000, 0x00000000c3300000, 0x00000000c3300000|100%| O|  |TAMS 0x00000000c3300000, 0x00000000c3200000| Untracked 
|  51|0x00000000c3300000, 0x00000000c3400000, 0x00000000c3400000|100%| O|  |TAMS 0x00000000c3400000, 0x00000000c3300000| Untracked 
|  52|0x00000000c3400000, 0x00000000c3500000, 0x00000000c3500000|100%| O|  |TAMS 0x00000000c3500000, 0x00000000c3400000| Untracked 
|  53|0x00000000c3500000, 0x00000000c3600000, 0x00000000c3600000|100%| O|  |TAMS 0x00000000c3600000, 0x00000000c3500000| Untracked 
|  54|0x00000000c3600000, 0x00000000c3700000, 0x00000000c3700000|100%| O|  |TAMS 0x00000000c3700000, 0x00000000c3600000| Untracked 
|  55|0x00000000c3700000, 0x00000000c3800000, 0x00000000c3800000|100%| O|  |TAMS 0x00000000c3800000, 0x00000000c3700000| Untracked 
|  56|0x00000000c3800000, 0x00000000c3900000, 0x00000000c3900000|100%| O|  |TAMS 0x00000000c3900000, 0x00000000c3800000| Untracked 
|  57|0x00000000c3900000, 0x00000000c3a00000, 0x00000000c3a00000|100%| O|  |TAMS 0x00000000c3a00000, 0x00000000c3900000| Untracked 
|  58|0x00000000c3a00000, 0x00000000c3b00000, 0x00000000c3b00000|100%| O|  |TAMS 0x00000000c3b00000, 0x00000000c3a00000| Untracked 
|  59|0x00000000c3b00000, 0x00000000c3c00000, 0x00000000c3c00000|100%| O|  |TAMS 0x00000000c3c00000, 0x00000000c3b00000| Untracked 
|  60|0x00000000c3c00000, 0x00000000c3d00000, 0x00000000c3d00000|100%| O|  |TAMS 0x00000000c3d00000, 0x00000000c3c00000| Untracked 
|  61|0x00000000c3d00000, 0x00000000c3e00000, 0x00000000c3e00000|100%| O|  |TAMS 0x00000000c3e00000, 0x00000000c3d00000| Untracked 
|  62|0x00000000c3e00000, 0x00000000c3f00000, 0x00000000c3f00000|100%| O|  |TAMS 0x00000000c3f00000, 0x00000000c3e00000| Untracked 
|  63|0x00000000c3f00000, 0x00000000c4000000, 0x00000000c4000000|100%| O|  |TAMS 0x00000000c4000000, 0x00000000c3f00000| Untracked 
|  64|0x00000000c4000000, 0x00000000c4100000, 0x00000000c4100000|100%| O|  |TAMS 0x00000000c4100000, 0x00000000c4000000| Untracked 
|  65|0x00000000c4100000, 0x00000000c4200000, 0x00000000c4200000|100%| O|  |TAMS 0x00000000c4200000, 0x00000000c4100000| Untracked 
|  66|0x00000000c4200000, 0x00000000c4300000, 0x00000000c4300000|100%| O|  |TAMS 0x00000000c4300000, 0x00000000c4200000| Untracked 
|  67|0x00000000c4300000, 0x00000000c4400000, 0x00000000c4400000|100%| O|  |TAMS 0x00000000c4400000, 0x00000000c4300000| Untracked 
|  68|0x00000000c4400000, 0x00000000c4500000, 0x00000000c4500000|100%| O|  |TAMS 0x00000000c4500000, 0x00000000c4400000| Untracked 
|  69|0x00000000c4500000, 0x00000000c4600000, 0x00000000c4600000|100%| O|  |TAMS 0x00000000c4600000, 0x00000000c4500000| Untracked 
|  70|0x00000000c4600000, 0x00000000c4700000, 0x00000000c4700000|100%| O|  |TAMS 0x00000000c4700000, 0x00000000c4600000| Untracked 
|  71|0x00000000c4700000, 0x00000000c4800000, 0x00000000c4800000|100%| O|  |TAMS 0x00000000c4800000, 0x00000000c4700000| Untracked 
|  72|0x00000000c4800000, 0x00000000c4900000, 0x00000000c4900000|100%| O|  |TAMS 0x00000000c4900000, 0x00000000c4800000| Untracked 
|  73|0x00000000c4900000, 0x00000000c4a00000, 0x00000000c4a00000|100%| O|  |TAMS 0x00000000c4a00000, 0x00000000c4900000| Untracked 
|  74|0x00000000c4a00000, 0x00000000c4b00000, 0x00000000c4b00000|100%| O|  |TAMS 0x00000000c4b00000, 0x00000000c4a00000| Untracked 
|  75|0x00000000c4b00000, 0x00000000c4c00000, 0x00000000c4c00000|100%|HS|  |TAMS 0x00000000c4b00000, 0x00000000c4b00000| Complete 
|  76|0x00000000c4c00000, 0x00000000c4d00000, 0x00000000c4d00000|100%|HS|  |TAMS 0x00000000c4c00000, 0x00000000c4c00000| Complete 
|  77|0x00000000c4d00000, 0x00000000c4e00000, 0x00000000c4e00000|100%|HS|  |TAMS 0x00000000c4d00000, 0x00000000c4d00000| Complete 
|  78|0x00000000c4e00000, 0x00000000c4f00000, 0x00000000c4f00000|100%| O|  |TAMS 0x00000000c4e00000, 0x00000000c4e00000| Untracked 
|  79|0x00000000c4f00000, 0x00000000c5000000, 0x00000000c5000000|100%| O|  |TAMS 0x00000000c4f00000, 0x00000000c4f00000| Untracked 
|  80|0x00000000c5000000, 0x00000000c5100000, 0x00000000c5100000|100%| O|  |TAMS 0x00000000c5000000, 0x00000000c5000000| Untracked 
|  81|0x00000000c5100000, 0x00000000c5200000, 0x00000000c5200000|100%| O|  |TAMS 0x00000000c5100000, 0x00000000c5100000| Untracked 
|  82|0x00000000c5200000, 0x00000000c5300000, 0x00000000c5300000|100%| O|  |TAMS 0x00000000c5200000, 0x00000000c5200000| Untracked 
|  83|0x00000000c5300000, 0x00000000c5400000, 0x00000000c5400000|100%| O|  |TAMS 0x00000000c5300000, 0x00000000c5300000| Untracked 
|  84|0x00000000c5400000, 0x00000000c5500000, 0x00000000c5500000|100%| O|  |TAMS 0x00000000c5400000, 0x00000000c5400000| Untracked 
|  85|0x00000000c5500000, 0x00000000c5600000, 0x00000000c5600000|100%| O|  |TAMS 0x00000000c5500000, 0x00000000c5500000| Untracked 
|  86|0x00000000c5600000, 0x00000000c5700000, 0x00000000c5700000|100%| O|  |TAMS 0x00000000c5600000, 0x00000000c5600000| Untracked 
|  87|0x00000000c5700000, 0x00000000c5800000, 0x00000000c5800000|100%|HS|  |TAMS 0x00000000c5700000, 0x00000000c5700000| Complete 
|  88|0x00000000c5800000, 0x00000000c5900000, 0x00000000c5900000|100%| O|  |TAMS 0x00000000c5800000, 0x00000000c5800000| Untracked 
|  89|0x00000000c5900000, 0x00000000c5a00000, 0x00000000c5a00000|100%| O|  |TAMS 0x00000000c5900000, 0x00000000c5900000| Untracked 
|  90|0x00000000c5a00000, 0x00000000c5b00000, 0x00000000c5b00000|100%| O|  |TAMS 0x00000000c5a00000, 0x00000000c5a00000| Untracked 
|  91|0x00000000c5b00000, 0x00000000c5c00000, 0x00000000c5c00000|100%| O|  |TAMS 0x00000000c5b00000, 0x00000000c5b00000| Untracked 
|  92|0x00000000c5c00000, 0x00000000c5d00000, 0x00000000c5d00000|100%| O|  |TAMS 0x00000000c5c00000, 0x00000000c5c00000| Untracked 
|  93|0x00000000c5d00000, 0x00000000c5e00000, 0x00000000c5e00000|100%| O|  |TAMS 0x00000000c5d00000, 0x00000000c5d00000| Untracked 
|  94|0x00000000c5e00000, 0x00000000c5f00000, 0x00000000c5f00000|100%| O|  |TAMS 0x00000000c5e00000, 0x00000000c5e00000| Untracked 
|  95|0x00000000c5f00000, 0x00000000c6000000, 0x00000000c6000000|100%| O|  |TAMS 0x00000000c5f00000, 0x00000000c5f00000| Untracked 
|  96|0x00000000c6000000, 0x00000000c6100000, 0x00000000c6100000|100%| O|  |TAMS 0x00000000c6000000, 0x00000000c6000000| Untracked 
|  97|0x00000000c6100000, 0x00000000c6200000, 0x00000000c6200000|100%| O|  |TAMS 0x00000000c6100000, 0x00000000c6100000| Untracked 
|  98|0x00000000c6200000, 0x00000000c6300000, 0x00000000c6300000|100%| O|  |TAMS 0x00000000c6200000, 0x00000000c6200000| Untracked 
|  99|0x00000000c6300000, 0x00000000c6400000, 0x00000000c6400000|100%| O|  |TAMS 0x00000000c6300000, 0x00000000c6300000| Untracked 
| 100|0x00000000c6400000, 0x00000000c6500000, 0x00000000c6500000|100%| O|  |TAMS 0x00000000c6400000, 0x00000000c6400000| Untracked 
| 101|0x00000000c6500000, 0x00000000c6600000, 0x00000000c6600000|100%| O|  |TAMS 0x00000000c6500000, 0x00000000c6500000| Untracked 
| 102|0x00000000c6600000, 0x00000000c6700000, 0x00000000c6700000|100%| O|  |TAMS 0x00000000c6600000, 0x00000000c6600000| Untracked 
| 103|0x00000000c6700000, 0x00000000c6800000, 0x00000000c6800000|100%| O|  |TAMS 0x00000000c6700000, 0x00000000c6700000| Untracked 
| 104|0x00000000c6800000, 0x00000000c6900000, 0x00000000c6900000|100%| O|  |TAMS 0x00000000c6800000, 0x00000000c6800000| Untracked 
| 105|0x00000000c6900000, 0x00000000c6a00000, 0x00000000c6a00000|100%| O|  |TAMS 0x00000000c6900000, 0x00000000c6900000| Untracked 
| 106|0x00000000c6a00000, 0x00000000c6b00000, 0x00000000c6b00000|100%| O|  |TAMS 0x00000000c6a00000, 0x00000000c6a00000| Untracked 
| 107|0x00000000c6b00000, 0x00000000c6c00000, 0x00000000c6c00000|100%| O|  |TAMS 0x00000000c6b00000, 0x00000000c6b00000| Untracked 
| 108|0x00000000c6c00000, 0x00000000c6d00000, 0x00000000c6d00000|100%| O|  |TAMS 0x00000000c6c00000, 0x00000000c6c00000| Untracked 
| 109|0x00000000c6d00000, 0x00000000c6e00000, 0x00000000c6e00000|100%| O|  |TAMS 0x00000000c6d00000, 0x00000000c6d00000| Untracked 
| 110|0x00000000c6e00000, 0x00000000c6f00000, 0x00000000c6f00000|100%| O|  |TAMS 0x00000000c6e00000, 0x00000000c6e00000| Untracked 
| 111|0x00000000c6f00000, 0x00000000c7000000, 0x00000000c7000000|100%| O|  |TAMS 0x00000000c6f00000, 0x00000000c6f00000| Untracked 
| 112|0x00000000c7000000, 0x00000000c7100000, 0x00000000c7100000|100%| O|  |TAMS 0x00000000c7000000, 0x00000000c7000000| Untracked 
| 113|0x00000000c7100000, 0x00000000c7200000, 0x00000000c7200000|100%| O|  |TAMS 0x00000000c7100000, 0x00000000c7100000| Untracked 
| 114|0x00000000c7200000, 0x00000000c7300000, 0x00000000c7300000|100%| O|  |TAMS 0x00000000c7200000, 0x00000000c7200000| Untracked 
| 115|0x00000000c7300000, 0x00000000c7400000, 0x00000000c7400000|100%| O|  |TAMS 0x00000000c7300000, 0x00000000c7300000| Untracked 
| 116|0x00000000c7400000, 0x00000000c7500000, 0x00000000c7500000|100%| O|  |TAMS 0x00000000c7400000, 0x00000000c7400000| Untracked 
| 117|0x00000000c7500000, 0x00000000c7600000, 0x00000000c7600000|100%| O|  |TAMS 0x00000000c7500000, 0x00000000c7500000| Untracked 
| 118|0x00000000c7600000, 0x00000000c7700000, 0x00000000c7700000|100%| O|  |TAMS 0x00000000c7600000, 0x00000000c7600000| Untracked 
| 119|0x00000000c7700000, 0x00000000c7800000, 0x00000000c7800000|100%| O|  |TAMS 0x00000000c7700000, 0x00000000c7700000| Untracked 
| 120|0x00000000c7800000, 0x00000000c7900000, 0x00000000c7900000|100%| O|  |TAMS 0x00000000c7800000, 0x00000000c7800000| Untracked 
| 121|0x00000000c7900000, 0x00000000c7a00000, 0x00000000c7a00000|100%| O|  |TAMS 0x00000000c7900000, 0x00000000c7900000| Untracked 
| 122|0x00000000c7a00000, 0x00000000c7b00000, 0x00000000c7b00000|100%| O|  |TAMS 0x00000000c7a00000, 0x00000000c7a00000| Untracked 
| 123|0x00000000c7b00000, 0x00000000c7c00000, 0x00000000c7c00000|100%| O|  |TAMS 0x00000000c7b00000, 0x00000000c7b00000| Untracked 
| 124|0x00000000c7c00000, 0x00000000c7d00000, 0x00000000c7d00000|100%| O|  |TAMS 0x00000000c7c00000, 0x00000000c7c00000| Untracked 
| 125|0x00000000c7d00000, 0x00000000c7e00000, 0x00000000c7e00000|100%| O|  |TAMS 0x00000000c7d00000, 0x00000000c7d00000| Untracked 
| 126|0x00000000c7e00000, 0x00000000c7f00000, 0x00000000c7f00000|100%| O|  |TAMS 0x00000000c7e00000, 0x00000000c7e00000| Untracked 
| 127|0x00000000c7f00000, 0x00000000c7ff5600, 0x00000000c8000000| 95%| O|  |TAMS 0x00000000c7f00000, 0x00000000c7f00000| Untracked 
| 128|0x00000000c8000000, 0x00000000c8000000, 0x00000000c8100000|  0%| F|  |TAMS 0x00000000c8000000, 0x00000000c8000000| Untracked 
| 129|0x00000000c8100000, 0x00000000c8100000, 0x00000000c8200000|  0%| F|  |TAMS 0x00000000c8100000, 0x00000000c8100000| Untracked 
| 130|0x00000000c8200000, 0x00000000c8200000, 0x00000000c8300000|  0%| F|  |TAMS 0x00000000c8200000, 0x00000000c8200000| Untracked 
| 131|0x00000000c8300000, 0x00000000c8300000, 0x00000000c8400000|  0%| F|  |TAMS 0x00000000c8300000, 0x00000000c8300000| Untracked 
| 132|0x00000000c8400000, 0x00000000c8400000, 0x00000000c8500000|  0%| F|  |TAMS 0x00000000c8400000, 0x00000000c8400000| Untracked 
| 133|0x00000000c8500000, 0x00000000c8500000, 0x00000000c8600000|  0%| F|  |TAMS 0x00000000c8500000, 0x00000000c8500000| Untracked 
| 134|0x00000000c8600000, 0x00000000c8600000, 0x00000000c8700000|  0%| F|  |TAMS 0x00000000c8600000, 0x00000000c8600000| Untracked 
| 135|0x00000000c8700000, 0x00000000c8700000, 0x00000000c8800000|  0%| F|  |TAMS 0x00000000c8700000, 0x00000000c8700000| Untracked 
| 136|0x00000000c8800000, 0x00000000c8800000, 0x00000000c8900000|  0%| F|  |TAMS 0x00000000c8800000, 0x00000000c8800000| Untracked 
| 137|0x00000000c8900000, 0x00000000c8900000, 0x00000000c8a00000|  0%| F|  |TAMS 0x00000000c8900000, 0x00000000c8900000| Untracked 
| 138|0x00000000c8a00000, 0x00000000c8a00000, 0x00000000c8b00000|  0%| F|  |TAMS 0x00000000c8a00000, 0x00000000c8a00000| Untracked 
| 139|0x00000000c8b00000, 0x00000000c8b00000, 0x00000000c8c00000|  0%| F|  |TAMS 0x00000000c8b00000, 0x00000000c8b00000| Untracked 
| 140|0x00000000c8c00000, 0x00000000c8c00000, 0x00000000c8d00000|  0%| F|  |TAMS 0x00000000c8c00000, 0x00000000c8c00000| Untracked 
| 141|0x00000000c8d00000, 0x00000000c8d00000, 0x00000000c8e00000|  0%| F|  |TAMS 0x00000000c8d00000, 0x00000000c8d00000| Untracked 
| 142|0x00000000c8e00000, 0x00000000c8e00000, 0x00000000c8f00000|  0%| F|  |TAMS 0x00000000c8e00000, 0x00000000c8e00000| Untracked 
| 143|0x00000000c8f00000, 0x00000000c8f00000, 0x00000000c9000000|  0%| F|  |TAMS 0x00000000c8f00000, 0x00000000c8f00000| Untracked 
| 144|0x00000000c9000000, 0x00000000c9000000, 0x00000000c9100000|  0%| F|  |TAMS 0x00000000c9000000, 0x00000000c9000000| Untracked 
| 145|0x00000000c9100000, 0x00000000c9100000, 0x00000000c9200000|  0%| F|  |TAMS 0x00000000c9100000, 0x00000000c9100000| Untracked 
| 146|0x00000000c9200000, 0x00000000c9200000, 0x00000000c9300000|  0%| F|  |TAMS 0x00000000c9200000, 0x00000000c9200000| Untracked 
| 147|0x00000000c9300000, 0x00000000c9300000, 0x00000000c9400000|  0%| F|  |TAMS 0x00000000c9300000, 0x00000000c9300000| Untracked 
| 148|0x00000000c9400000, 0x00000000c9400000, 0x00000000c9500000|  0%| F|  |TAMS 0x00000000c9400000, 0x00000000c9400000| Untracked 
| 149|0x00000000c9500000, 0x00000000c9500000, 0x00000000c9600000|  0%| F|  |TAMS 0x00000000c9500000, 0x00000000c9500000| Untracked 
| 150|0x00000000c9600000, 0x00000000c9600000, 0x00000000c9700000|  0%| F|  |TAMS 0x00000000c9600000, 0x00000000c9600000| Untracked 
| 151|0x00000000c9700000, 0x00000000c9700000, 0x00000000c9800000|  0%| F|  |TAMS 0x00000000c9700000, 0x00000000c9700000| Untracked 
| 152|0x00000000c9800000, 0x00000000c9800000, 0x00000000c9900000|  0%| F|  |TAMS 0x00000000c9800000, 0x00000000c9800000| Untracked 
| 153|0x00000000c9900000, 0x00000000c9900000, 0x00000000c9a00000|  0%| F|  |TAMS 0x00000000c9900000, 0x00000000c9900000| Untracked 
| 154|0x00000000c9a00000, 0x00000000c9a00000, 0x00000000c9b00000|  0%| F|  |TAMS 0x00000000c9a00000, 0x00000000c9a00000| Untracked 
| 155|0x00000000c9b00000, 0x00000000c9b00000, 0x00000000c9c00000|  0%| F|  |TAMS 0x00000000c9b00000, 0x00000000c9b00000| Untracked 
| 156|0x00000000c9c00000, 0x00000000c9c00000, 0x00000000c9d00000|  0%| F|  |TAMS 0x00000000c9c00000, 0x00000000c9c00000| Untracked 
| 157|0x00000000c9d00000, 0x00000000c9d00000, 0x00000000c9e00000|  0%| F|  |TAMS 0x00000000c9d00000, 0x00000000c9d00000| Untracked 
| 158|0x00000000c9e00000, 0x00000000c9e00000, 0x00000000c9f00000|  0%| F|  |TAMS 0x00000000c9e00000, 0x00000000c9e00000| Untracked 
| 159|0x00000000c9f00000, 0x00000000c9f00000, 0x00000000ca000000|  0%| F|  |TAMS 0x00000000c9f00000, 0x00000000c9f00000| Untracked 
| 160|0x00000000ca000000, 0x00000000ca000000, 0x00000000ca100000|  0%| F|  |TAMS 0x00000000ca000000, 0x00000000ca000000| Untracked 
| 161|0x00000000ca100000, 0x00000000ca100000, 0x00000000ca200000|  0%| F|  |TAMS 0x00000000ca100000, 0x00000000ca100000| Untracked 
| 162|0x00000000ca200000, 0x00000000ca200000, 0x00000000ca300000|  0%| F|  |TAMS 0x00000000ca200000, 0x00000000ca200000| Untracked 
| 163|0x00000000ca300000, 0x00000000ca300000, 0x00000000ca400000|  0%| F|  |TAMS 0x00000000ca300000, 0x00000000ca300000| Untracked 
| 164|0x00000000ca400000, 0x00000000ca400000, 0x00000000ca500000|  0%| F|  |TAMS 0x00000000ca400000, 0x00000000ca400000| Untracked 
| 165|0x00000000ca500000, 0x00000000ca500000, 0x00000000ca600000|  0%| F|  |TAMS 0x00000000ca500000, 0x00000000ca500000| Untracked 
| 166|0x00000000ca600000, 0x00000000ca600000, 0x00000000ca700000|  0%| F|  |TAMS 0x00000000ca600000, 0x00000000ca600000| Untracked 
| 167|0x00000000ca700000, 0x00000000ca700000, 0x00000000ca800000|  0%| F|  |TAMS 0x00000000ca700000, 0x00000000ca700000| Untracked 
| 168|0x00000000ca800000, 0x00000000ca800000, 0x00000000ca900000|  0%| F|  |TAMS 0x00000000ca800000, 0x00000000ca800000| Untracked 
| 169|0x00000000ca900000, 0x00000000ca900000, 0x00000000caa00000|  0%| F|  |TAMS 0x00000000ca900000, 0x00000000ca900000| Untracked 
| 170|0x00000000caa00000, 0x00000000caa00000, 0x00000000cab00000|  0%| F|  |TAMS 0x00000000caa00000, 0x00000000caa00000| Untracked 
| 171|0x00000000cab00000, 0x00000000cab00000, 0x00000000cac00000|  0%| F|  |TAMS 0x00000000cab00000, 0x00000000cab00000| Untracked 
| 172|0x00000000cac00000, 0x00000000cac00000, 0x00000000cad00000|  0%| F|  |TAMS 0x00000000cac00000, 0x00000000cac00000| Untracked 
| 173|0x00000000cad00000, 0x00000000cad00000, 0x00000000cae00000|  0%| F|  |TAMS 0x00000000cad00000, 0x00000000cad00000| Untracked 
| 174|0x00000000cae00000, 0x00000000cae00000, 0x00000000caf00000|  0%| F|  |TAMS 0x00000000cae00000, 0x00000000cae00000| Untracked 
| 175|0x00000000caf00000, 0x00000000caf00000, 0x00000000cb000000|  0%| F|  |TAMS 0x00000000caf00000, 0x00000000caf00000| Untracked 
| 176|0x00000000cb000000, 0x00000000cb000000, 0x00000000cb100000|  0%| F|  |TAMS 0x00000000cb000000, 0x00000000cb000000| Untracked 
| 177|0x00000000cb100000, 0x00000000cb100000, 0x00000000cb200000|  0%| F|  |TAMS 0x00000000cb100000, 0x00000000cb100000| Untracked 
| 178|0x00000000cb200000, 0x00000000cb200000, 0x00000000cb300000|  0%| F|  |TAMS 0x00000000cb200000, 0x00000000cb200000| Untracked 
| 179|0x00000000cb300000, 0x00000000cb300000, 0x00000000cb400000|  0%| F|  |TAMS 0x00000000cb300000, 0x00000000cb300000| Untracked 
| 180|0x00000000cb400000, 0x00000000cb400000, 0x00000000cb500000|  0%| F|  |TAMS 0x00000000cb400000, 0x00000000cb400000| Untracked 
| 181|0x00000000cb500000, 0x00000000cb500000, 0x00000000cb600000|  0%| F|  |TAMS 0x00000000cb500000, 0x00000000cb500000| Untracked 
| 182|0x00000000cb600000, 0x00000000cb600000, 0x00000000cb700000|  0%| F|  |TAMS 0x00000000cb600000, 0x00000000cb600000| Untracked 
| 183|0x00000000cb700000, 0x00000000cb700000, 0x00000000cb800000|  0%| F|  |TAMS 0x00000000cb700000, 0x00000000cb700000| Untracked 
| 184|0x00000000cb800000, 0x00000000cb800000, 0x00000000cb900000|  0%| F|  |TAMS 0x00000000cb800000, 0x00000000cb800000| Untracked 
| 185|0x00000000cb900000, 0x00000000cb900000, 0x00000000cba00000|  0%| F|  |TAMS 0x00000000cb900000, 0x00000000cb900000| Untracked 
| 186|0x00000000cba00000, 0x00000000cba00000, 0x00000000cbb00000|  0%| F|  |TAMS 0x00000000cba00000, 0x00000000cba00000| Untracked 
| 187|0x00000000cbb00000, 0x00000000cbb00000, 0x00000000cbc00000|  0%| F|  |TAMS 0x00000000cbb00000, 0x00000000cbb00000| Untracked 
| 188|0x00000000cbc00000, 0x00000000cbc00000, 0x00000000cbd00000|  0%| F|  |TAMS 0x00000000cbc00000, 0x00000000cbc00000| Untracked 
| 189|0x00000000cbd00000, 0x00000000cbd00000, 0x00000000cbe00000|  0%| F|  |TAMS 0x00000000cbd00000, 0x00000000cbd00000| Untracked 
| 190|0x00000000cbe00000, 0x00000000cbe00000, 0x00000000cbf00000|  0%| F|  |TAMS 0x00000000cbe00000, 0x00000000cbe00000| Untracked 
| 191|0x00000000cbf00000, 0x00000000cbf00000, 0x00000000cc000000|  0%| F|  |TAMS 0x00000000cbf00000, 0x00000000cbf00000| Untracked 
| 192|0x00000000cc000000, 0x00000000cc000000, 0x00000000cc100000|  0%| F|  |TAMS 0x00000000cc000000, 0x00000000cc000000| Untracked 
| 193|0x00000000cc100000, 0x00000000cc100000, 0x00000000cc200000|  0%| F|  |TAMS 0x00000000cc100000, 0x00000000cc100000| Untracked 
| 194|0x00000000cc200000, 0x00000000cc200000, 0x00000000cc300000|  0%| F|  |TAMS 0x00000000cc200000, 0x00000000cc200000| Untracked 
| 195|0x00000000cc300000, 0x00000000cc300000, 0x00000000cc400000|  0%| F|  |TAMS 0x00000000cc300000, 0x00000000cc300000| Untracked 
| 196|0x00000000cc400000, 0x00000000cc400000, 0x00000000cc500000|  0%| F|  |TAMS 0x00000000cc400000, 0x00000000cc400000| Untracked 
| 197|0x00000000cc500000, 0x00000000cc500000, 0x00000000cc600000|  0%| F|  |TAMS 0x00000000cc500000, 0x00000000cc500000| Untracked 
| 198|0x00000000cc600000, 0x00000000cc600000, 0x00000000cc700000|  0%| F|  |TAMS 0x00000000cc600000, 0x00000000cc600000| Untracked 
| 199|0x00000000cc700000, 0x00000000cc700000, 0x00000000cc800000|  0%| F|  |TAMS 0x00000000cc700000, 0x00000000cc700000| Untracked 
| 200|0x00000000cc800000, 0x00000000cc800000, 0x00000000cc900000|  0%| F|  |TAMS 0x00000000cc800000, 0x00000000cc800000| Untracked 
| 201|0x00000000cc900000, 0x00000000cc900000, 0x00000000cca00000|  0%| F|  |TAMS 0x00000000cc900000, 0x00000000cc900000| Untracked 
| 202|0x00000000cca00000, 0x00000000cca00000, 0x00000000ccb00000|  0%| F|  |TAMS 0x00000000cca00000, 0x00000000cca00000| Untracked 
| 203|0x00000000ccb00000, 0x00000000ccb00000, 0x00000000ccc00000|  0%| F|  |TAMS 0x00000000ccb00000, 0x00000000ccb00000| Untracked 
| 204|0x00000000ccc00000, 0x00000000ccd00000, 0x00000000ccd00000|100%| S|CS|TAMS 0x00000000ccc00000, 0x00000000ccc00000| Complete 
| 205|0x00000000ccd00000, 0x00000000cce00000, 0x00000000cce00000|100%| S|CS|TAMS 0x00000000ccd00000, 0x00000000ccd00000| Complete 
| 206|0x00000000cce00000, 0x00000000ccf00000, 0x00000000ccf00000|100%| S|CS|TAMS 0x00000000cce00000, 0x00000000cce00000| Complete 
| 207|0x00000000ccf00000, 0x00000000cd000000, 0x00000000cd000000|100%| S|CS|TAMS 0x00000000ccf00000, 0x00000000ccf00000| Complete 
| 208|0x00000000cd000000, 0x00000000cd100000, 0x00000000cd100000|100%| S|CS|TAMS 0x00000000cd000000, 0x00000000cd000000| Complete 
| 209|0x00000000cd100000, 0x00000000cd200000, 0x00000000cd200000|100%| S|CS|TAMS 0x00000000cd100000, 0x00000000cd100000| Complete 
| 210|0x00000000cd200000, 0x00000000cd300000, 0x00000000cd300000|100%| S|CS|TAMS 0x00000000cd200000, 0x00000000cd200000| Complete 
| 211|0x00000000cd300000, 0x00000000cd300000, 0x00000000cd400000|  0%| F|  |TAMS 0x00000000cd300000, 0x00000000cd300000| Untracked 
| 212|0x00000000cd400000, 0x00000000cd400000, 0x00000000cd500000|  0%| F|  |TAMS 0x00000000cd400000, 0x00000000cd400000| Untracked 
| 213|0x00000000cd500000, 0x00000000cd500000, 0x00000000cd600000|  0%| F|  |TAMS 0x00000000cd500000, 0x00000000cd500000| Untracked 
| 214|0x00000000cd600000, 0x00000000cd600000, 0x00000000cd700000|  0%| F|  |TAMS 0x00000000cd600000, 0x00000000cd600000| Untracked 
| 215|0x00000000cd700000, 0x00000000cd700000, 0x00000000cd800000|  0%| F|  |TAMS 0x00000000cd700000, 0x00000000cd700000| Untracked 
| 216|0x00000000cd800000, 0x00000000cd800000, 0x00000000cd900000|  0%| F|  |TAMS 0x00000000cd800000, 0x00000000cd800000| Untracked 
| 217|0x00000000cd900000, 0x00000000cd900000, 0x00000000cda00000|  0%| F|  |TAMS 0x00000000cd900000, 0x00000000cd900000| Untracked 
| 218|0x00000000cda00000, 0x00000000cda00000, 0x00000000cdb00000|  0%| F|  |TAMS 0x00000000cda00000, 0x00000000cda00000| Untracked 
| 219|0x00000000cdb00000, 0x00000000cdb00000, 0x00000000cdc00000|  0%| F|  |TAMS 0x00000000cdb00000, 0x00000000cdb00000| Untracked 
| 220|0x00000000cdc00000, 0x00000000cdc00000, 0x00000000cdd00000|  0%| F|  |TAMS 0x00000000cdc00000, 0x00000000cdc00000| Untracked 
| 221|0x00000000cdd00000, 0x00000000cdd00000, 0x00000000cde00000|  0%| F|  |TAMS 0x00000000cdd00000, 0x00000000cdd00000| Untracked 
| 222|0x00000000cde00000, 0x00000000cde00000, 0x00000000cdf00000|  0%| F|  |TAMS 0x00000000cde00000, 0x00000000cde00000| Untracked 
| 223|0x00000000cdf00000, 0x00000000ce000000, 0x00000000ce000000|100%| S|CS|TAMS 0x00000000cdf00000, 0x00000000cdf00000| Complete 
| 224|0x00000000ce000000, 0x00000000ce100000, 0x00000000ce100000|100%| S|CS|TAMS 0x00000000ce000000, 0x00000000ce000000| Complete 
| 225|0x00000000ce100000, 0x00000000ce200000, 0x00000000ce200000|100%| S|CS|TAMS 0x00000000ce100000, 0x00000000ce100000| Complete 
| 226|0x00000000ce200000, 0x00000000ce300000, 0x00000000ce300000|100%| S|CS|TAMS 0x00000000ce200000, 0x00000000ce200000| Complete 
| 227|0x00000000ce300000, 0x00000000ce400000, 0x00000000ce400000|100%| S|CS|TAMS 0x00000000ce300000, 0x00000000ce300000| Complete 
| 228|0x00000000ce400000, 0x00000000ce400000, 0x00000000ce500000|  0%| F|  |TAMS 0x00000000ce400000, 0x00000000ce400000| Untracked 
| 229|0x00000000ce500000, 0x00000000ce500000, 0x00000000ce600000|  0%| F|  |TAMS 0x00000000ce500000, 0x00000000ce500000| Untracked 
| 230|0x00000000ce600000, 0x00000000ce600000, 0x00000000ce700000|  0%| F|  |TAMS 0x00000000ce600000, 0x00000000ce600000| Untracked 
| 231|0x00000000ce700000, 0x00000000ce700000, 0x00000000ce800000|  0%| F|  |TAMS 0x00000000ce700000, 0x00000000ce700000| Untracked 
| 232|0x00000000ce800000, 0x00000000ce800000, 0x00000000ce900000|  0%| F|  |TAMS 0x00000000ce800000, 0x00000000ce800000| Untracked 
| 233|0x00000000ce900000, 0x00000000ce900000, 0x00000000cea00000|  0%| F|  |TAMS 0x00000000ce900000, 0x00000000ce900000| Untracked 
| 234|0x00000000cea00000, 0x00000000cea00000, 0x00000000ceb00000|  0%| F|  |TAMS 0x00000000cea00000, 0x00000000cea00000| Untracked 
| 235|0x00000000ceb00000, 0x00000000ceb00000, 0x00000000cec00000|  0%| F|  |TAMS 0x00000000ceb00000, 0x00000000ceb00000| Untracked 
| 236|0x00000000cec00000, 0x00000000cec00000, 0x00000000ced00000|  0%| F|  |TAMS 0x00000000cec00000, 0x00000000cec00000| Untracked 
| 237|0x00000000ced00000, 0x00000000ced00000, 0x00000000cee00000|  0%| F|  |TAMS 0x00000000ced00000, 0x00000000ced00000| Untracked 
| 238|0x00000000cee00000, 0x00000000cee00000, 0x00000000cef00000|  0%| F|  |TAMS 0x00000000cee00000, 0x00000000cee00000| Untracked 
| 239|0x00000000cef00000, 0x00000000cef00000, 0x00000000cf000000|  0%| F|  |TAMS 0x00000000cef00000, 0x00000000cef00000| Untracked 
| 240|0x00000000cf000000, 0x00000000cf000000, 0x00000000cf100000|  0%| F|  |TAMS 0x00000000cf000000, 0x00000000cf000000| Untracked 
| 241|0x00000000cf100000, 0x00000000cf100000, 0x00000000cf200000|  0%| F|  |TAMS 0x00000000cf100000, 0x00000000cf100000| Untracked 
| 242|0x00000000cf200000, 0x00000000cf200000, 0x00000000cf300000|  0%| F|  |TAMS 0x00000000cf200000, 0x00000000cf200000| Untracked 
| 243|0x00000000cf300000, 0x00000000cf300000, 0x00000000cf400000|  0%| F|  |TAMS 0x00000000cf300000, 0x00000000cf300000| Untracked 
| 244|0x00000000cf400000, 0x00000000cf400000, 0x00000000cf500000|  0%| F|  |TAMS 0x00000000cf400000, 0x00000000cf400000| Untracked 
| 245|0x00000000cf500000, 0x00000000cf500000, 0x00000000cf600000|  0%| F|  |TAMS 0x00000000cf500000, 0x00000000cf500000| Untracked 
| 246|0x00000000cf600000, 0x00000000cf600000, 0x00000000cf700000|  0%| F|  |TAMS 0x00000000cf600000, 0x00000000cf600000| Untracked 
| 247|0x00000000cf700000, 0x00000000cf700000, 0x00000000cf800000|  0%| F|  |TAMS 0x00000000cf700000, 0x00000000cf700000| Untracked 
| 248|0x00000000cf800000, 0x00000000cf800000, 0x00000000cf900000|  0%| F|  |TAMS 0x00000000cf800000, 0x00000000cf800000| Untracked 
| 249|0x00000000cf900000, 0x00000000cf900000, 0x00000000cfa00000|  0%| F|  |TAMS 0x00000000cf900000, 0x00000000cf900000| Untracked 
| 250|0x00000000cfa00000, 0x00000000cfa00000, 0x00000000cfb00000|  0%| F|  |TAMS 0x00000000cfa00000, 0x00000000cfa00000| Untracked 
| 251|0x00000000cfb00000, 0x00000000cfb00000, 0x00000000cfc00000|  0%| F|  |TAMS 0x00000000cfb00000, 0x00000000cfb00000| Untracked 
| 252|0x00000000cfc00000, 0x00000000cfc00000, 0x00000000cfd00000|  0%| F|  |TAMS 0x00000000cfc00000, 0x00000000cfc00000| Untracked 
| 253|0x00000000cfd00000, 0x00000000cfd00000, 0x00000000cfe00000|  0%| F|  |TAMS 0x00000000cfd00000, 0x00000000cfd00000| Untracked 
| 254|0x00000000cfe00000, 0x00000000cfe00000, 0x00000000cff00000|  0%| F|  |TAMS 0x00000000cfe00000, 0x00000000cfe00000| Untracked 
| 255|0x00000000cff00000, 0x00000000cff00000, 0x00000000d0000000|  0%| F|  |TAMS 0x00000000cff00000, 0x00000000cff00000| Untracked 
| 256|0x00000000d0000000, 0x00000000d0000000, 0x00000000d0100000|  0%| F|  |TAMS 0x00000000d0000000, 0x00000000d0000000| Untracked 
| 257|0x00000000d0100000, 0x00000000d0100000, 0x00000000d0200000|  0%| F|  |TAMS 0x00000000d0100000, 0x00000000d0100000| Untracked 
| 258|0x00000000d0200000, 0x00000000d0200000, 0x00000000d0300000|  0%| F|  |TAMS 0x00000000d0200000, 0x00000000d0200000| Untracked 
| 259|0x00000000d0300000, 0x00000000d0300000, 0x00000000d0400000|  0%| F|  |TAMS 0x00000000d0300000, 0x00000000d0300000| Untracked 
| 260|0x00000000d0400000, 0x00000000d0400000, 0x00000000d0500000|  0%| F|  |TAMS 0x00000000d0400000, 0x00000000d0400000| Untracked 
| 261|0x00000000d0500000, 0x00000000d0500000, 0x00000000d0600000|  0%| F|  |TAMS 0x00000000d0500000, 0x00000000d0500000| Untracked 
| 262|0x00000000d0600000, 0x00000000d0600000, 0x00000000d0700000|  0%| F|  |TAMS 0x00000000d0600000, 0x00000000d0600000| Untracked 
| 263|0x00000000d0700000, 0x00000000d0700000, 0x00000000d0800000|  0%| F|  |TAMS 0x00000000d0700000, 0x00000000d0700000| Untracked 
| 264|0x00000000d0800000, 0x00000000d0800000, 0x00000000d0900000|  0%| F|  |TAMS 0x00000000d0800000, 0x00000000d0800000| Untracked 
| 265|0x00000000d0900000, 0x00000000d0900000, 0x00000000d0a00000|  0%| F|  |TAMS 0x00000000d0900000, 0x00000000d0900000| Untracked 
| 266|0x00000000d0a00000, 0x00000000d0a00000, 0x00000000d0b00000|  0%| F|  |TAMS 0x00000000d0a00000, 0x00000000d0a00000| Untracked 
| 267|0x00000000d0b00000, 0x00000000d0b00000, 0x00000000d0c00000|  0%| F|  |TAMS 0x00000000d0b00000, 0x00000000d0b00000| Untracked 
| 268|0x00000000d0c00000, 0x00000000d0c00000, 0x00000000d0d00000|  0%| F|  |TAMS 0x00000000d0c00000, 0x00000000d0c00000| Untracked 
| 269|0x00000000d0d00000, 0x00000000d0d00000, 0x00000000d0e00000|  0%| F|  |TAMS 0x00000000d0d00000, 0x00000000d0d00000| Untracked 
| 270|0x00000000d0e00000, 0x00000000d0e00000, 0x00000000d0f00000|  0%| F|  |TAMS 0x00000000d0e00000, 0x00000000d0e00000| Untracked 
| 271|0x00000000d0f00000, 0x00000000d0f00000, 0x00000000d1000000|  0%| F|  |TAMS 0x00000000d0f00000, 0x00000000d0f00000| Untracked 
| 272|0x00000000d1000000, 0x00000000d1000000, 0x00000000d1100000|  0%| F|  |TAMS 0x00000000d1000000, 0x00000000d1000000| Untracked 
| 273|0x00000000d1100000, 0x00000000d1100000, 0x00000000d1200000|  0%| F|  |TAMS 0x00000000d1100000, 0x00000000d1100000| Untracked 
| 274|0x00000000d1200000, 0x00000000d1200000, 0x00000000d1300000|  0%| F|  |TAMS 0x00000000d1200000, 0x00000000d1200000| Untracked 
| 275|0x00000000d1300000, 0x00000000d1300000, 0x00000000d1400000|  0%| F|  |TAMS 0x00000000d1300000, 0x00000000d1300000| Untracked 
| 276|0x00000000d1400000, 0x00000000d1400000, 0x00000000d1500000|  0%| F|  |TAMS 0x00000000d1400000, 0x00000000d1400000| Untracked 
| 277|0x00000000d1500000, 0x00000000d1500000, 0x00000000d1600000|  0%| F|  |TAMS 0x00000000d1500000, 0x00000000d1500000| Untracked 
| 278|0x00000000d1600000, 0x00000000d1600000, 0x00000000d1700000|  0%| F|  |TAMS 0x00000000d1600000, 0x00000000d1600000| Untracked 
| 279|0x00000000d1700000, 0x00000000d1700000, 0x00000000d1800000|  0%| F|  |TAMS 0x00000000d1700000, 0x00000000d1700000| Untracked 
| 280|0x00000000d1800000, 0x00000000d1800000, 0x00000000d1900000|  0%| F|  |TAMS 0x00000000d1800000, 0x00000000d1800000| Untracked 
| 281|0x00000000d1900000, 0x00000000d1900000, 0x00000000d1a00000|  0%| F|  |TAMS 0x00000000d1900000, 0x00000000d1900000| Untracked 
| 282|0x00000000d1a00000, 0x00000000d1a00000, 0x00000000d1b00000|  0%| F|  |TAMS 0x00000000d1a00000, 0x00000000d1a00000| Untracked 
| 283|0x00000000d1b00000, 0x00000000d1b00000, 0x00000000d1c00000|  0%| F|  |TAMS 0x00000000d1b00000, 0x00000000d1b00000| Untracked 
| 284|0x00000000d1c00000, 0x00000000d1c00000, 0x00000000d1d00000|  0%| F|  |TAMS 0x00000000d1c00000, 0x00000000d1c00000| Untracked 
| 285|0x00000000d1d00000, 0x00000000d1d00000, 0x00000000d1e00000|  0%| F|  |TAMS 0x00000000d1d00000, 0x00000000d1d00000| Untracked 
| 286|0x00000000d1e00000, 0x00000000d1e00000, 0x00000000d1f00000|  0%| F|  |TAMS 0x00000000d1e00000, 0x00000000d1e00000| Untracked 
| 287|0x00000000d1f00000, 0x00000000d1f00000, 0x00000000d2000000|  0%| F|  |TAMS 0x00000000d1f00000, 0x00000000d1f00000| Untracked 
| 288|0x00000000d2000000, 0x00000000d2000000, 0x00000000d2100000|  0%| F|  |TAMS 0x00000000d2000000, 0x00000000d2000000| Untracked 
| 289|0x00000000d2100000, 0x00000000d2100000, 0x00000000d2200000|  0%| F|  |TAMS 0x00000000d2100000, 0x00000000d2100000| Untracked 
| 290|0x00000000d2200000, 0x00000000d2200000, 0x00000000d2300000|  0%| F|  |TAMS 0x00000000d2200000, 0x00000000d2200000| Untracked 
| 291|0x00000000d2300000, 0x00000000d2300000, 0x00000000d2400000|  0%| F|  |TAMS 0x00000000d2300000, 0x00000000d2300000| Untracked 
| 292|0x00000000d2400000, 0x00000000d2400000, 0x00000000d2500000|  0%| F|  |TAMS 0x00000000d2400000, 0x00000000d2400000| Untracked 
| 293|0x00000000d2500000, 0x00000000d2500000, 0x00000000d2600000|  0%| F|  |TAMS 0x00000000d2500000, 0x00000000d2500000| Untracked 
| 294|0x00000000d2600000, 0x00000000d2600000, 0x00000000d2700000|  0%| F|  |TAMS 0x00000000d2600000, 0x00000000d2600000| Untracked 
| 295|0x00000000d2700000, 0x00000000d2700000, 0x00000000d2800000|  0%| F|  |TAMS 0x00000000d2700000, 0x00000000d2700000| Untracked 
| 296|0x00000000d2800000, 0x00000000d2800000, 0x00000000d2900000|  0%| F|  |TAMS 0x00000000d2800000, 0x00000000d2800000| Untracked 
| 297|0x00000000d2900000, 0x00000000d2900000, 0x00000000d2a00000|  0%| F|  |TAMS 0x00000000d2900000, 0x00000000d2900000| Untracked 
| 298|0x00000000d2a00000, 0x00000000d2a00000, 0x00000000d2b00000|  0%| F|  |TAMS 0x00000000d2a00000, 0x00000000d2a00000| Untracked 
| 299|0x00000000d2b00000, 0x00000000d2b00000, 0x00000000d2c00000|  0%| F|  |TAMS 0x00000000d2b00000, 0x00000000d2b00000| Untracked 
| 300|0x00000000d2c00000, 0x00000000d2c00000, 0x00000000d2d00000|  0%| F|  |TAMS 0x00000000d2c00000, 0x00000000d2c00000| Untracked 
| 301|0x00000000d2d00000, 0x00000000d2d00000, 0x00000000d2e00000|  0%| F|  |TAMS 0x00000000d2d00000, 0x00000000d2d00000| Untracked 
| 302|0x00000000d2e00000, 0x00000000d2e00000, 0x00000000d2f00000|  0%| F|  |TAMS 0x00000000d2e00000, 0x00000000d2e00000| Untracked 
| 303|0x00000000d2f00000, 0x00000000d2f00000, 0x00000000d3000000|  0%| F|  |TAMS 0x00000000d2f00000, 0x00000000d2f00000| Untracked 
| 304|0x00000000d3000000, 0x00000000d3000000, 0x00000000d3100000|  0%| F|  |TAMS 0x00000000d3000000, 0x00000000d3000000| Untracked 
| 305|0x00000000d3100000, 0x00000000d3100000, 0x00000000d3200000|  0%| F|  |TAMS 0x00000000d3100000, 0x00000000d3100000| Untracked 
| 306|0x00000000d3200000, 0x00000000d3200000, 0x00000000d3300000|  0%| F|  |TAMS 0x00000000d3200000, 0x00000000d3200000| Untracked 
| 307|0x00000000d3300000, 0x00000000d3300000, 0x00000000d3400000|  0%| F|  |TAMS 0x00000000d3300000, 0x00000000d3300000| Untracked 
| 308|0x00000000d3400000, 0x00000000d3400000, 0x00000000d3500000|  0%| F|  |TAMS 0x00000000d3400000, 0x00000000d3400000| Untracked 
| 309|0x00000000d3500000, 0x00000000d3500000, 0x00000000d3600000|  0%| F|  |TAMS 0x00000000d3500000, 0x00000000d3500000| Untracked 
| 310|0x00000000d3600000, 0x00000000d3600000, 0x00000000d3700000|  0%| F|  |TAMS 0x00000000d3600000, 0x00000000d3600000| Untracked 
| 311|0x00000000d3700000, 0x00000000d3700000, 0x00000000d3800000|  0%| F|  |TAMS 0x00000000d3700000, 0x00000000d3700000| Untracked 

Card table byte_map: [0x00000154f8410000,0x00000154f8610000] _byte_map_base: 0x00000154f7e10000

Marking Bits (Prev, Next): (CMBitMap*) 0x00000154e07fab60, (CMBitMap*) 0x00000154e07fab28
 Prev Bits: [0x00000154f9810000, 0x00000154fa810000)
 Next Bits: [0x00000154f8810000, 0x00000154f9810000)

Polling page: 0x00000154dffa0000

Metaspace:

Usage:
  Non-class:     13.26 MB capacity,    13.08 MB ( 99%) used,   163.95 KB (  1%) free+waste,    24.56 KB ( <1%) overhead. 
      Class:      1.58 MB capacity,     1.48 MB ( 94%) used,    90.11 KB (  6%) free+waste,    10.56 KB ( <1%) overhead. 
       Both:     14.84 MB capacity,    14.55 MB ( 98%) used,   254.05 KB (  2%) free+waste,    35.13 KB ( <1%) overhead. 

Virtual space:
  Non-class space:       14.00 MB reserved,      13.50 MB ( 96%) committed 
      Class space:        1.00 GB reserved,       1.63 MB ( <1%) committed 
             Both:        1.01 GB reserved,      15.13 MB (  1%) committed 

Chunk freelists:
   Non-Class:  54.00 KB
       Class:  18.00 KB
        Both:  72.00 KB

MaxMetaspaceSize: 17179869184.00 GB
CompressedClassSpaceSize: 1.00 GB
Initial GC threshold: 20.80 MB
Current GC threshold: 22.29 MB
CDS: off

CodeHeap 'non-profiled nmethods': size=120000Kb used=889Kb max_used=889Kb free=119110Kb
 bounds [0x00000154f09b0000, 0x00000154f0c20000, 0x00000154f7ee0000]
CodeHeap 'profiled nmethods': size=120000Kb used=4325Kb max_used=4325Kb free=115674Kb
 bounds [0x00000154e9480000, 0x00000154e98c0000, 0x00000154f09b0000]
CodeHeap 'non-nmethods': size=5760Kb used=1140Kb max_used=1196Kb free=4619Kb
 bounds [0x00000154e8ee0000, 0x00000154e9150000, 0x00000154e9480000]
 total_blobs=2334 nmethods=1946 adapters=301
 compilation: enabled
              stopped_count=0, restarted_count=0
 full_count=0

Compilation events (20 events):
Event: 7.938 Thread 0x00000154fdba0800 2069       2       com.android.tools.r8.internal.lK::<init> (6 bytes)
Event: 7.939 Thread 0x00000154fdba0800 nmethod 2069 0x00000154e9899d90 code [0x00000154e9899f40, 0x00000154e989a048]
Event: 7.953 Thread 0x00000154fdba0800 2071 %     3       com.android.tools.r8.internal.X9::a @ 46 (871 bytes)
Event: 7.975 Thread 0x00000154fdba0800 nmethod 2071% 0x00000154e989a110 code [0x00000154e989adc0, 0x00000154e98a4ff8]
Event: 7.976 Thread 0x00000154fdba0800 2072       2       com.android.tools.r8.graph.y2::a (112 bytes)
Event: 7.978 Thread 0x00000154fdba0800 nmethod 2072 0x00000154e98a7990 code [0x00000154e98a7c00, 0x00000154e98a8458]
Event: 8.016 Thread 0x00000154fdba0800 2074       3       com.android.tools.r8.internal.X9::a (871 bytes)
Event: 8.032 Thread 0x00000154fdba0800 nmethod 2074 0x00000154e98a8a10 code [0x00000154e98a96a0, 0x00000154e98b3718]
Event: 8.032 Thread 0x00000154fdba0800 2075       2       com.android.tools.r8.internal.R7::<init> (10 bytes)
Event: 8.033 Thread 0x00000154fdba0800 nmethod 2075 0x00000154e98b6010 code [0x00000154e98b61c0, 0x00000154e98b62f8]
Event: 8.033 Thread 0x00000154fdba0800 2076       2       com.android.tools.r8.internal.cb::a (18 bytes)
Event: 8.033 Thread 0x00000154fdba0800 nmethod 2076 0x00000154e98b6390 code [0x00000154e98b6540, 0x00000154e98b6688]
Event: 8.053 Thread 0x00000154fdba0800 2078       3       java.util.IdentityHashMap::resize (153 bytes)
Event: 8.054 Thread 0x00000154fdba0800 nmethod 2078 0x00000154e98b6710 code [0x00000154e98b6980, 0x00000154e98b76f8]
Event: 8.075 Thread 0x00000154fdba0800 2079 %s    3       com.android.tools.r8.graph.L2::f @ 28 (64 bytes)
Event: 8.076 Thread 0x00000154fdba0800 nmethod 2079% 0x00000154e98b7a90 code [0x00000154e98b7d00, 0x00000154e98b89f8]
Event: 8.115 Thread 0x00000154fdba0800 2080       2       java.lang.Double::valueOf (9 bytes)
Event: 8.115 Thread 0x00000154fdba0800 nmethod 2080 0x00000154e98b8d90 code [0x00000154e98b8f40, 0x00000154e98b9078]
Event: 8.115 Thread 0x00000154fdba0800 2081       2       java.lang.Double::<init> (10 bytes)
Event: 8.115 Thread 0x00000154fdba0800 nmethod 2081 0x00000154e98b9110 code [0x00000154e98b92c0, 0x00000154e98b93b8]

GC Heap History (20 events):
Event: 4.800 GC heap after
{Heap after GC invocations=14 (full 0):
 garbage-first heap   total 76800K, used 49152K [0x00000000c0000000, 0x0000000100000000)
  region size 1024K, 3 young (3072K), 3 survivors (3072K)
 Metaspace       used 13010K, capacity 13204K, committed 13440K, reserved 1060864K
  class space    used 1289K, capacity 1349K, committed 1408K, reserved 1048576K
}
Event: 4.881 GC heap before
{Heap before GC invocations=15 (full 0):
 garbage-first heap   total 76800K, used 60416K [0x00000000c0000000, 0x0000000100000000)
  region size 1024K, 15 young (15360K), 3 survivors (3072K)
 Metaspace       used 13061K, capacity 13308K, committed 13440K, reserved 1060864K
  class space    used 1294K, capacity 1383K, committed 1408K, reserved 1048576K
}
Event: 4.915 GC heap after
{Heap after GC invocations=16 (full 0):
 garbage-first heap   total 76800K, used 52987K [0x00000000c0000000, 0x0000000100000000)
  region size 1024K, 2 young (2048K), 2 survivors (2048K)
 Metaspace       used 13061K, capacity 13308K, committed 13440K, reserved 1060864K
  class space    used 1294K, capacity 1383K, committed 1408K, reserved 1048576K
}
Event: 5.008 GC heap before
{Heap before GC invocations=16 (full 0):
 garbage-first heap   total 76800K, used 62203K [0x00000000c0000000, 0x0000000100000000)
  region size 1024K, 11 young (11264K), 2 survivors (2048K)
 Metaspace       used 13214K, capacity 13414K, committed 13440K, reserved 1060864K
  class space    used 1310K, capacity 1398K, committed 1408K, reserved 1048576K
}
Event: 5.031 GC heap after
{Heap after GC invocations=17 (full 0):
 garbage-first heap   total 143360K, used 55723K [0x00000000c0000000, 0x0000000100000000)
  region size 1024K, 2 young (2048K), 2 survivors (2048K)
 Metaspace       used 13214K, capacity 13414K, committed 13440K, reserved 1060864K
  class space    used 1310K, capacity 1398K, committed 1408K, reserved 1048576K
}
Event: 5.302 GC heap before
{Heap before GC invocations=18 (full 0):
 garbage-first heap   total 143360K, used 83371K [0x00000000c0000000, 0x0000000100000000)
  region size 1024K, 29 young (29696K), 2 survivors (2048K)
 Metaspace       used 13237K, capacity 13374K, committed 13696K, reserved 1060864K
  class space    used 1291K, capacity 1352K, committed 1408K, reserved 1048576K
}
Event: 5.338 GC heap after
{Heap after GC invocations=19 (full 0):
 garbage-first heap   total 143360K, used 62073K [0x00000000c0000000, 0x0000000100000000)
  region size 1024K, 4 young (4096K), 4 survivors (4096K)
 Metaspace       used 13237K, capacity 13374K, committed 13696K, reserved 1060864K
  class space    used 1291K, capacity 1352K, committed 1408K, reserved 1048576K
}
Event: 5.476 GC heap before
{Heap before GC invocations=19 (full 0):
 garbage-first heap   total 143360K, used 89721K [0x00000000c0000000, 0x0000000100000000)
  region size 1024K, 31 young (31744K), 4 survivors (4096K)
 Metaspace       used 13246K, capacity 13375K, committed 13696K, reserved 1060864K
  class space    used 1291K, capacity 1352K, committed 1408K, reserved 1048576K
}
Event: 5.510 GC heap after
{Heap after GC invocations=20 (full 0):
 garbage-first heap   total 143360K, used 67298K [0x00000000c0000000, 0x0000000100000000)
  region size 1024K, 4 young (4096K), 4 survivors (4096K)
 Metaspace       used 13246K, capacity 13375K, committed 13696K, reserved 1060864K
  class space    used 1291K, capacity 1352K, committed 1408K, reserved 1048576K
}
Event: 5.657 GC heap before
{Heap before GC invocations=20 (full 0):
 garbage-first heap   total 143360K, used 93922K [0x00000000c0000000, 0x0000000100000000)
  region size 1024K, 31 young (31744K), 4 survivors (4096K)
 Metaspace       used 13251K, capacity 13375K, committed 13696K, reserved 1060864K
  class space    used 1291K, capacity 1352K, committed 1408K, reserved 1048576K
}
Event: 5.703 GC heap after
{Heap after GC invocations=21 (full 0):
 garbage-first heap   total 143360K, used 74340K [0x00000000c0000000, 0x0000000100000000)
  region size 1024K, 4 young (4096K), 4 survivors (4096K)
 Metaspace       used 13251K, capacity 13375K, committed 13696K, reserved 1060864K
  class space    used 1291K, capacity 1352K, committed 1408K, reserved 1048576K
}
Event: 5.874 GC heap before
{Heap before GC invocations=21 (full 0):
 garbage-first heap   total 143360K, used 100964K [0x00000000c0000000, 0x0000000100000000)
  region size 1024K, 30 young (30720K), 4 survivors (4096K)
 Metaspace       used 13261K, capacity 13378K, committed 13696K, reserved 1060864K
  class space    used 1291K, capacity 1352K, committed 1408K, reserved 1048576K
}
Event: 5.927 GC heap after
{Heap after GC invocations=22 (full 0):
 garbage-first heap   total 319488K, used 80896K [0x00000000c0000000, 0x0000000100000000)
  region size 1024K, 4 young (4096K), 4 survivors (4096K)
 Metaspace       used 13261K, capacity 13378K, committed 13696K, reserved 1060864K
  class space    used 1291K, capacity 1352K, committed 1408K, reserved 1048576K
}
Event: 6.318 GC heap before
{Heap before GC invocations=23 (full 0):
 garbage-first heap   total 319488K, used 134144K [0x00000000c0000000, 0x0000000100000000)
  region size 1024K, 53 young (54272K), 4 survivors (4096K)
 Metaspace       used 13246K, capacity 13352K, committed 13696K, reserved 1060864K
  class space    used 1285K, capacity 1342K, committed 1408K, reserved 1048576K
}
Event: 6.367 GC heap after
{Heap after GC invocations=24 (full 0):
 garbage-first heap   total 319488K, used 95670K [0x00000000c0000000, 0x0000000100000000)
  region size 1024K, 7 young (7168K), 7 survivors (7168K)
 Metaspace       used 13246K, capacity 13352K, committed 13696K, reserved 1060864K
  class space    used 1285K, capacity 1342K, committed 1408K, reserved 1048576K
}
Event: 6.688 GC heap before
{Heap before GC invocations=24 (full 0):
 garbage-first heap   total 319488K, used 161206K [0x00000000c0000000, 0x0000000100000000)
  region size 1024K, 70 young (71680K), 7 survivors (7168K)
 Metaspace       used 13263K, capacity 13416K, committed 13696K, reserved 1060864K
  class space    used 1286K, capacity 1342K, committed 1408K, reserved 1048576K
}
Event: 6.776 GC heap after
{Heap after GC invocations=25 (full 0):
 garbage-first heap   total 319488K, used 110592K [0x00000000c0000000, 0x0000000100000000)
  region size 1024K, 9 young (9216K), 9 survivors (9216K)
 Metaspace       used 13263K, capacity 13416K, committed 13696K, reserved 1060864K
  class space    used 1286K, capacity 1342K, committed 1408K, reserved 1048576K
}
Event: 7.836 GC heap before
{Heap before GC invocations=25 (full 0):
 garbage-first heap   total 319488K, used 192512K [0x00000000c0000000, 0x0000000100000000)
  region size 1024K, 89 young (91136K), 9 survivors (9216K)
 Metaspace       used 14898K, capacity 15192K, committed 15488K, reserved 1062912K
  class space    used 1513K, capacity 1614K, committed 1664K, reserved 1048576K
}
Event: 7.890 GC heap after
{Heap after GC invocations=26 (full 0):
 garbage-first heap   total 319488K, used 126816K [0x00000000c0000000, 0x0000000100000000)
  region size 1024K, 12 young (12288K), 12 survivors (12288K)
 Metaspace       used 14898K, capacity 15192K, committed 15488K, reserved 1062912K
  class space    used 1513K, capacity 1614K, committed 1664K, reserved 1048576K
}
Event: 8.142 GC heap before
{Heap before GC invocations=26 (full 0):
 garbage-first heap   total 319488K, used 212832K [0x00000000c0000000, 0x0000000100000000)
  region size 1024K, 96 young (98304K), 12 survivors (12288K)
 Metaspace       used 14902K, capacity 15192K, committed 15488K, reserved 1062912K
  class space    used 1513K, capacity 1614K, committed 1664K, reserved 1048576K
}

Deoptimization events (20 events):
Event: 7.488 Thread 0x00000154fdd36000 Uncommon trap: trap_request=0xffffffde fr.pc=0x00000154f0a7f1ec relative=0x00000000000070ec
Event: 7.488 Thread 0x00000154fdd36000 Uncommon trap: reason=class_check action=maybe_recompile pc=0x00000154f0a7f1ec method=com.android.tools.r8.internal.Pa.a(Lcom/android/tools/r8/internal/cb;[Lcom/android/tools/r8/internal/Z3;I)V @ 688 c2
Event: 7.488 Thread 0x00000154fdd36000 DEOPT PACKING pc=0x00000154f0a7f1ec sp=0x00000030983feb20
Event: 7.488 Thread 0x00000154fdd36000 DEOPT UNPACKING pc=0x00000154e8f2a1af sp=0x00000030983fead8 mode 2
Event: 7.646 Thread 0x00000154fdd37800 Uncommon trap: trap_request=0xffffff4d fr.pc=0x00000154f0a8b3b0 relative=0x0000000000000110
Event: 7.646 Thread 0x00000154fdd37800 Uncommon trap: reason=unstable_if action=reinterpret pc=0x00000154f0a8b3b0 method=java.util.Arrays.hashCode([Ljava/lang/Object;)I @ 34 c2
Event: 7.646 Thread 0x00000154fdd37800 DEOPT PACKING pc=0x00000154f0a8b3b0 sp=0x00000030986fe050
Event: 7.646 Thread 0x00000154fdd37800 DEOPT UNPACKING pc=0x00000154e8f2a1af sp=0x00000030986fdfc8 mode 2
Event: 7.653 Thread 0x00000154fdd36000 Uncommon trap: trap_request=0xffffff4d fr.pc=0x00000154f0a168e8 relative=0x0000000000000768
Event: 7.653 Thread 0x00000154fdd36000 Uncommon trap: reason=unstable_if action=reinterpret pc=0x00000154f0a168e8 method=java.util.WeakHashMap.put(Ljava/lang/Object;Ljava/lang/Object;)Ljava/lang/Object; @ 37 c2
Event: 7.653 Thread 0x00000154fdd36000 DEOPT PACKING pc=0x00000154f0a168e8 sp=0x00000030983fc3d0
Event: 7.653 Thread 0x00000154fdd36000 DEOPT UNPACKING pc=0x00000154e8f2a1af sp=0x00000030983fc310 mode 2
Event: 7.653 Thread 0x00000154fdd37800 Uncommon trap: trap_request=0xffffff4d fr.pc=0x00000154f0a2221c relative=0x000000000000153c
Event: 7.653 Thread 0x00000154fdd37800 Uncommon trap: reason=unstable_if action=reinterpret pc=0x00000154f0a2221c method=java.util.WeakHashMap.remove(Ljava/lang/Object;)Ljava/lang/Object; @ 94 c2
Event: 7.653 Thread 0x00000154fdd37800 DEOPT PACKING pc=0x00000154f0a2221c sp=0x00000030986fd5a0
Event: 7.656 Thread 0x00000154fdd37800 DEOPT UNPACKING pc=0x00000154e8f2a1af sp=0x00000030986fd488 mode 2
Event: 8.016 Thread 0x00000154fdd37000 DEOPT PACKING pc=0x00000154e98884f8 sp=0x00000030984fec50
Event: 8.016 Thread 0x00000154fdd37000 DEOPT UNPACKING pc=0x00000154e8f2a95e sp=0x00000030984fe328 mode 0
Event: 8.053 Thread 0x00000154fdd34800 DEOPT PACKING pc=0x00000154e987d9a2 sp=0x00000030985fdfe0
Event: 8.053 Thread 0x00000154fdd34800 DEOPT UNPACKING pc=0x00000154e8f2a95e sp=0x00000030985fd498 mode 0

Classes redefined (0 events):
No events

Internal exceptions (20 events):
Event: 4.397 Thread 0x00000154fdd36000 Exception <a 'java/lang/NoSuchMethodError'{0x00000000c3d1c0a8}: 'java.lang.Object java.lang.invoke.DirectMethodHandle$Holder.invokeVirtual(java.lang.Object, java.lang.Object, java.lang.Object)'> (0x00000000c3d1c0a8) thrown at [./src/hotspot/share/interpreter/linkResolver.cpp, line 773]
Event: 4.500 Thread 0x00000154fdd37800 Exception <a 'java/lang/NoSuchMethodError'{0x00000000c3c65f98}: 'long java.lang.invoke.DirectMethodHandle$Holder.invokeStatic(java.lang.Object, java.lang.Object)'> (0x00000000c3c65f98) thrown at [./src/hotspot/share/interpreter/linkResolver.cpp, line 773]
Event: 4.500 Thread 0x00000154fdd34800 Exception <a 'java/lang/NoSuchMethodError'{0x00000000c3d55940}: 'long java.lang.invoke.DirectMethodHandle$Holder.invokeStatic(java.lang.Object, java.lang.Object)'> (0x00000000c3d55940) thrown at [./src/hotspot/share/interpreter/linkResolver.cpp, line 773]
Event: 4.500 Thread 0x00000154fdd36000 Exception <a 'java/lang/NoSuchMethodError'{0x00000000c3dc1468}: 'long java.lang.invoke.DirectMethodHandle$Holder.invokeStatic(java.lang.Object, java.lang.Object)'> (0x00000000c3dc1468) thrown at [./src/hotspot/share/interpreter/linkResolver.cpp, line 773]
Event: 4.500 Thread 0x00000154fdd37000 Exception <a 'java/lang/NoSuchMethodError'{0x00000000c3ce3c70}: 'long java.lang.invoke.DirectMethodHandle$Holder.invokeStatic(java.lang.Object, java.lang.Object)'> (0x00000000c3ce3c70) thrown at [./src/hotspot/share/interpreter/linkResolver.cpp, line 773]
Event: 4.501 Thread 0x00000154fdd37800 Exception <a 'java/lang/NoSuchMethodError'{0x00000000c3c68c08}: 'long java.lang.invoke.DirectMethodHandle$Holder.invokeStaticInit(java.lang.Object, java.lang.Object)'> (0x00000000c3c68c08) thrown at [./src/hotspot/share/interpreter/linkResolver.cpp, line 773]
Event: 4.501 Thread 0x00000154fdd34800 Exception <a 'java/lang/NoSuchMethodError'{0x00000000c3d58720}: 'long java.lang.invoke.DirectMethodHandle$Holder.invokeStaticInit(java.lang.Object, java.lang.Object)'> (0x00000000c3d58720) thrown at [./src/hotspot/share/interpreter/linkResolver.cpp, line 773]
Event: 4.501 Thread 0x00000154fdd37000 Exception <a 'java/lang/NoSuchMethodError'{0x00000000c3ce67c8}: 'long java.lang.invoke.DirectMethodHandle$Holder.invokeStaticInit(java.lang.Object, java.lang.Object)'> (0x00000000c3ce67c8) thrown at [./src/hotspot/share/interpreter/linkResolver.cpp, line 773]
Event: 4.501 Thread 0x00000154fdd36000 Exception <a 'java/lang/NoSuchMethodError'{0x00000000c3dc3fe8}: 'long java.lang.invoke.DirectMethodHandle$Holder.invokeStaticInit(java.lang.Object, java.lang.Object)'> (0x00000000c3dc3fe8) thrown at [./src/hotspot/share/interpreter/linkResolver.cpp, line 773]
Event: 4.978 Thread 0x00000154fdd37800 Exception <a 'java/lang/NoSuchMethodError'{0x00000000c45b1fc0}: 'void java.lang.invoke.DirectMethodHandle$Holder.invokeSpecial(java.lang.Object, java.lang.Object, java.lang.Object, java.lang.Object, java.lang.Object)'> (0x00000000c45b1fc0) thrown at [./src/hotspot/share/interpreter/linkResolver.cpp, line 773]
Event: 4.978 Thread 0x00000154fdd36000 Exception <a 'java/lang/NoSuchMethodError'{0x00000000c459e618}: 'void java.lang.invoke.DirectMethodHandle$Holder.invokeSpecial(java.lang.Object, java.lang.Object, java.lang.Object, java.lang.Object, java.lang.Object)'> (0x00000000c459e618) thrown at [./src/hotspot/share/interpreter/linkResolver.cpp, line 773]
Event: 4.978 Thread 0x00000154fdd37000 Exception <a 'java/lang/NoSuchMethodError'{0x00000000c457f748}: 'void java.lang.invoke.DirectMethodHandle$Holder.invokeSpecial(java.lang.Object, java.lang.Object, java.lang.Object, java.lang.Object, java.lang.Object)'> (0x00000000c457f748) thrown at [./src/hotspot/share/interpreter/linkResolver.cpp, line 773]
Event: 4.978 Thread 0x00000154fdd34800 Exception <a 'java/lang/NoSuchMethodError'{0x00000000c45bbee8}: 'void java.lang.invoke.DirectMethodHandle$Holder.invokeSpecial(java.lang.Object, java.lang.Object, java.lang.Object, java.lang.Object, java.lang.Object)'> (0x00000000c45bbee8) thrown at [./src/hotspot/share/interpreter/linkResolver.cpp, line 773]
Event: 7.119 Thread 0x00000154e07c9800 Exception <a 'java/lang/NoSuchMethodError'{0x00000000d339cbf0}: 'int java.lang.invoke.DirectMethodHandle$Holder.invokeSpecial(java.lang.Object, java.lang.Object, java.lang.Object, java.lang.Object)'> (0x00000000d339cbf0) thrown at [./src/hotspot/share/interpreter/linkResolver.cpp, line 773]
Event: 7.184 Thread 0x00000154e07c9800 Exception <a 'java/lang/NoSuchMethodError'{0x00000000d32071c8}: 'void java.lang.invoke.DirectMethodHandle$Holder.invokeSpecial(java.lang.Object, java.lang.Object)'> (0x00000000d32071c8) thrown at [./src/hotspot/share/interpreter/linkResolver.cpp, line 773]
Event: 7.300 Thread 0x00000154e07c9800 Exception <a 'java/lang/IncompatibleClassChangeError'{0x00000000d32ef8e8}: Found class java.lang.Object, but interface was expected> (0x00000000d32ef8e8) thrown at [./src/hotspot/share/interpreter/linkResolver.cpp, line 839]
Event: 7.303 Thread 0x00000154e07c9800 Exception <a 'java/lang/NoSuchMethodError'{0x00000000d32f46a8}: 'java.lang.Object java.lang.invoke.DirectMethodHandle$Holder.invokeStatic(java.lang.Object, java.lang.Object, java.lang.Object, int)'> (0x00000000d32f46a8) thrown at [./src/hotspot/share/interpreter/linkResolver.cpp, line 773]
Event: 7.308 Thread 0x00000154e07c9800 Exception <a 'java/lang/NoSuchMethodError'{0x00000000d32fe7d8}: 'void java.lang.invoke.DirectMethodHandle$Holder.invokeStatic(java.lang.Object, java.lang.Object, java.lang.Object, java.lang.Object, java.lang.Object, java.lang.Object)'> (0x00000000d32fe7d8) thrown at [./src/hotspot/share/interpreter/linkResolver.cpp, line 773]
Event: 7.315 Thread 0x00000154e07c9800 Exception <a 'java/lang/NoSuchMethodError'{0x00000000d31106f0}: 'java.lang.Object java.lang.invoke.Invokers$Holder.linkToTargetMethod(java.lang.Object, java.lang.Object, int, java.lang.Object)'> (0x00000000d31106f0) thrown at [./src/hotspot/share/interpreter/linkResolver.cpp, line 773]
Event: 7.646 Thread 0x00000154fdd37800 Implicit null exception at 0x00000154f0a8b2ec to 0x00000154f0a8b394

Events (20 events):
Event: 7.650 loading class com/android/tools/r8/internal/uI done
Event: 7.656 loading class com/android/tools/r8/graph/i1
Event: 7.656 loading class com/android/tools/r8/graph/i1 done
Event: 7.658 loading class com/android/tools/r8/internal/Aj
Event: 7.658 loading class com/android/tools/r8/internal/Aj done
Event: 7.664 loading class com/android/tools/r8/internal/bi
Event: 7.664 loading class com/android/tools/r8/internal/bi done
Event: 7.674 loading class com/android/tools/r8/internal/R5
Event: 7.674 loading class com/android/tools/r8/internal/R5 done
Event: 7.678 loading class com/android/tools/r8/internal/FZ
Event: 7.678 loading class com/android/tools/r8/internal/FZ done
Event: 7.682 loading class com/android/tools/r8/internal/JS
Event: 7.682 loading class com/android/tools/r8/internal/JS done
Event: 7.695 loading class com/android/tools/r8/internal/ce
Event: 7.695 loading class com/android/tools/r8/internal/ce done
Event: 7.836 Executing VM operation: G1CollectForAllocation
Event: 7.890 Executing VM operation: G1CollectForAllocation done
Event: 8.044 Executing VM operation: RevokeBias
Event: 8.045 Executing VM operation: RevokeBias done
Event: 8.142 Executing VM operation: G1CollectForAllocation


Dynamic libraries:
0x00007ff64aa60000 - 0x00007ff64aa6d000 	C:\Program Files\Microsoft\jdk-11.0.12.7-hotspot\bin\java.exe
0x00007ffd9fb20000 - 0x00007ffd9fd29000 	C:\WINDOWS\SYSTEM32\ntdll.dll
0x00007ffd9ead0000 - 0x00007ffd9eb8d000 	C:\WINDOWS\System32\KERNEL32.DLL
0x00007ffd9d470000 - 0x00007ffd9d7ec000 	C:\WINDOWS\System32\KERNELBASE.dll
0x00007ffd9d000000 - 0x00007ffd9d111000 	C:\WINDOWS\System32\ucrtbase.dll
0x00007ffd8e4a0000 - 0x00007ffd8e4b7000 	C:\Program Files\Microsoft\jdk-11.0.12.7-hotspot\bin\jli.dll
0x00007ffd56360000 - 0x00007ffd56375000 	C:\Program Files\Microsoft\jdk-11.0.12.7-hotspot\bin\VCRUNTIME140.dll
0x00007ffd9f610000 - 0x00007ffd9f7bd000 	C:\WINDOWS\System32\USER32.dll
0x00007ffd9d910000 - 0x00007ffd9d936000 	C:\WINDOWS\System32\win32u.dll
0x00007ffd9eca0000 - 0x00007ffd9ecc9000 	C:\WINDOWS\System32\GDI32.dll
0x00007ffd9d1e0000 - 0x00007ffd9d2f9000 	C:\WINDOWS\System32\gdi32full.dll
0x00007ffd9d870000 - 0x00007ffd9d90d000 	C:\WINDOWS\System32\msvcp_win.dll
0x00007ffd7bac0000 - 0x00007ffd7bd65000 	C:\WINDOWS\WinSxS\amd64_microsoft.windows.common-controls_6595b64144ccf1df_6.0.22000.120_none_9d947278b86cc467\COMCTL32.dll
0x00007ffd9ebf0000 - 0x00007ffd9ec93000 	C:\WINDOWS\System32\msvcrt.dll
0x00007ffd9f930000 - 0x00007ffd9f961000 	C:\WINDOWS\System32\IMM32.DLL
0x00007ffd42bb0000 - 0x00007ffd42c4b000 	C:\Program Files\Microsoft\jdk-11.0.12.7-hotspot\bin\msvcp140.dll
0x00007ffd226c0000 - 0x00007ffd23221000 	C:\Program Files\Microsoft\jdk-11.0.12.7-hotspot\bin\server\jvm.dll
0x00007ffd9f7c0000 - 0x00007ffd9f86e000 	C:\WINDOWS\System32\ADVAPI32.dll
0x00007ffd9e530000 - 0x00007ffd9e5ce000 	C:\WINDOWS\System32\sechost.dll
0x00007ffd9da10000 - 0x00007ffd9db30000 	C:\WINDOWS\System32\RPCRT4.dll
0x00007ffd9eac0000 - 0x00007ffd9eac8000 	C:\WINDOWS\System32\PSAPI.DLL
0x00007ffd99190000 - 0x00007ffd991c3000 	C:\WINDOWS\SYSTEM32\WINMM.dll
0x00007ffd81300000 - 0x00007ffd81309000 	C:\WINDOWS\SYSTEM32\WSOCK32.dll
0x00007ffd99570000 - 0x00007ffd9957a000 	C:\WINDOWS\SYSTEM32\VERSION.dll
0x00007ffd9f980000 - 0x00007ffd9f9ef000 	C:\WINDOWS\System32\WS2_32.dll
0x00007ffd9c0b0000 - 0x00007ffd9c0c8000 	C:\WINDOWS\SYSTEM32\kernel.appcore.dll
0x00007ffd74c70000 - 0x00007ffd74c80000 	C:\Program Files\Microsoft\jdk-11.0.12.7-hotspot\bin\verify.dll
0x00007ffd9b100000 - 0x00007ffd9b321000 	C:\WINDOWS\SYSTEM32\DBGHELP.DLL
0x00007ffd995e0000 - 0x00007ffd99611000 	C:\WINDOWS\SYSTEM32\dbgcore.DLL
0x00007ffd9d7f0000 - 0x00007ffd9d86f000 	C:\WINDOWS\System32\bcryptPrimitives.dll
0x00007ffd390a0000 - 0x00007ffd390c8000 	C:\Program Files\Microsoft\jdk-11.0.12.7-hotspot\bin\java.dll
0x00007ffd4f370000 - 0x00007ffd4f37a000 	C:\Program Files\Microsoft\jdk-11.0.12.7-hotspot\bin\jimage.dll
0x00007ffd39080000 - 0x00007ffd39097000 	C:\Program Files\Microsoft\jdk-11.0.12.7-hotspot\bin\zip.dll
0x00007ffd9db50000 - 0x00007ffd9e308000 	C:\WINDOWS\System32\SHELL32.dll
0x00007ffd98650000 - 0x00007ffd98eb8000 	C:\WINDOWS\SYSTEM32\windows.storage.dll
0x00007ffd9f0a0000 - 0x00007ffd9f419000 	C:\WINDOWS\System32\combase.dll
0x00007ffd97c80000 - 0x00007ffd97de6000 	C:\WINDOWS\SYSTEM32\wintypes.dll
0x00007ffd9f520000 - 0x00007ffd9f60a000 	C:\WINDOWS\System32\SHCORE.dll
0x00007ffd9d9b0000 - 0x00007ffd9da0d000 	C:\WINDOWS\System32\shlwapi.dll
0x00007ffd9cf30000 - 0x00007ffd9cf51000 	C:\WINDOWS\SYSTEM32\profapi.dll
0x00007ffd39060000 - 0x00007ffd39079000 	C:\Program Files\Microsoft\jdk-11.0.12.7-hotspot\bin\net.dll
0x00007ffd91390000 - 0x00007ffd9149c000 	C:\WINDOWS\SYSTEM32\WINHTTP.dll
0x00007ffd9c4e0000 - 0x00007ffd9c547000 	C:\WINDOWS\system32\mswsock.dll
0x00007ffd39040000 - 0x00007ffd39052000 	C:\Program Files\Microsoft\jdk-11.0.12.7-hotspot\bin\nio.dll

dbghelp: loaded successfully - version: 4.0.5 - missing functions: none
symbol engine: initialized successfully - sym options: 0x614 - pdb path: .;C:\Program Files\Microsoft\jdk-11.0.12.7-hotspot\bin;C:\WINDOWS\SYSTEM32;C:\WINDOWS\WinSxS\amd64_microsoft.windows.common-controls_6595b64144ccf1df_6.0.22000.120_none_9d947278b86cc467;C:\Program Files\Microsoft\jdk-11.0.12.7-hotspot\bin\server

VM Arguments:
jvm_args: -Xmx1G 
java_command: com.android.tools.r8.D8 --debug --min-api 21 --output obj\Debug\net6.0-android\android\bin\ --lib C:\Program Files (x86)\Android\android-sdk\platforms\android-31\android.jar obj\Debug\net6.0-android\android\bin\classes.zip C:\Program Files\dotnet\packs\Microsoft.Android.Ref.31\32.0.448\ref\net6.0\mono.android.jar C:\Program Files\dotnet\packs\Microsoft.Android.Sdk.Windows\32.0.448\tools\java_runtime_fastdev_net6.jar C:\Users\luanG\.nuget\packages\xamarin.jetbrains.annotations\23.0.0.3\buildTransitive\net6.0-android31.0\..\..\jar\org.jetbrains.annotations-23.0.0.jar C:\Users\luanG\.nuget\packages\xamarin.kotlin.stdlib\1.6.20.1\buildTransitive\net6.0-android31.0\..\..\jar\org.jetbrains.kotlin.kotlin-stdlib-1.6.20.jar C:\Users\luanG\.nuget\packages\xamarin.kotlin.stdlib.jdk7\1.6.20.1\buildTransitive\net6.0-android31.0\..\..\jar\org.jetbrains.kotlin.kotlin-stdlib-jdk7-1.6.20.jar C:\Users\luanG\.nuget\packages\xamarin.kotlin.stdlib.jdk8\1.6.20.1\buildTransitive\net6.0-android31.0\..\..\jar\org.jetbrains.kotlin.kotlin-stdlib-jdk8-1.6.20.jar C:\Users\luanG\.nuget\packages\xamarin.kotlinx.coroutines.core.jvm\1.6.0.1\buildTransitive\net6.0-android31.0\..\..\jar\org.jetbrains.kotlinx.kotlinx-coroutines-core-jvm-1.6.0.jar C:\Users\luanG\.nuget\packages\xamarin.kotlinx.coroutines.android\1.6.0.1\buildTransitive\net6.0-android31.0\..\..\jar\org.jetbrains.kotlinx.kotlinx-coroutines-android-1.6.0.jar C:\Users\luanG\.nuget\packages\xamarin.google.guava.listenablefuture\1.0.0.5\buildTransitive\net6.0-android31.0\..\..\jar\guava-listenablefuture.jar C:\Users\luanG\.nuget\packages\xamarin.androidx.annotation\1.3.0.3\buildTransitive\net6.0-android31.0\..\..\jar\androidx.annotation.annotation.jar C:\Users\luanG\.nuget\packages\xamarin.androidx.collection\1.2.0.3\buildTransitive\net6.0-android31.0\..\..\jar\androidx.collection.collection.jar C:\Users\luanG\.nuget\packages\xamarin.androidx.lifecycle.common\2.4.1.1\buildTransitive\net6.0-android31.0\..\..\jar\androidx.lifec
java_class_path (initial): C:\Program Files\dotnet\packs\Microsoft.Android.Sdk.Windows\32.0.448\tools\r8.jar
Launcher Type: SUN_STANDARD

[Global flags]
     intx CICompilerCount                          = 4                                         {product} {ergonomic}
     uint ConcGCThreads                            = 2                                         {product} {ergonomic}
     uint G1ConcRefinementThreads                  = 8                                         {product} {ergonomic}
   size_t G1HeapRegionSize                         = 1048576                                   {product} {ergonomic}
    uintx GCDrainStackTargetSize                   = 64                                        {product} {ergonomic}
   size_t InitialHeapSize                          = 65011712                                  {product} {ergonomic}
   size_t MarkStackSize                            = 4194304                                   {product} {ergonomic}
   size_t MaxHeapSize                              = 1073741824                                {product} {command line}
   size_t MaxNewSize                               = 643825664                                 {product} {ergonomic}
   size_t MinHeapDeltaBytes                        = 1048576                                   {product} {ergonomic}
    uintx NonNMethodCodeHeapSize                   = 5836300                                {pd product} {ergonomic}
    uintx NonProfiledCodeHeapSize                  = 122910970                              {pd product} {ergonomic}
    uintx ProfiledCodeHeapSize                     = 122910970                              {pd product} {ergonomic}
    uintx ReservedCodeCacheSize                    = 251658240                              {pd product} {ergonomic}
     bool SegmentedCodeCache                       = true                                      {product} {ergonomic}
     bool UseCompressedClassPointers               = true                                 {lp64_product} {ergonomic}
     bool UseCompressedOops                        = true                                 {lp64_product} {ergonomic}
     bool UseG1GC                                  = true                                      {product} {ergonomic}
     bool UseLargePagesIndividualAllocation        = false                                  {pd product} {ergonomic}

Logging:
Log output configuration:
 #0: stdout all=warning uptime,level,tags
 #1: stderr all=off uptime,level,tags

Environment Variables:
PATH=C:\Program Files\Microsoft\jdk-11.0.12.7-hotspot\bin;C:\Program Files\AdoptOpenJDK\jre-11.0.8.10-hotspot\bin;C:\WINDOWS\system32;C:\WINDOWS;C:\WINDOWS\System32\Wbem;C:\WINDOWS\System32\WindowsPowerShell\v1.0\;C:\WINDOWS\System32\OpenSSH\;C:\Program Files (x86)\Intel\Intel(R) Management Engine Components\DAL;C:\Program Files\Intel\Intel(R) Management Engine Components\DAL;C:\Program Files\Crucial\Crucial Storage Executive;C:\Program Files\dotnet\;C:\Program Files\Git\cmd;C:\msys64\mingw64\bin;C:\Program Files\nodejs\;C:\ProgramData\chocolatey\bin;C:\Program Files\MongoDB\Tools\100\bin;C:\Program Files\GitHub CLI\;C:\Program Files\CMake\bin;C:\vcpkg;C:\Program Files\Microsoft SQL Server\150\Tools\Binn\;C:\Program Files (x86)\Windows Kits\10\Windows Performance Toolkit\;C:\Users\luanG\AppData\Local\Microsoft\WindowsApps;C:\Users\luanG\AppData\Local\Programs\Microsoft VS Code\bin;C:\Users\luanG\.dotnet\tools;C:\Users\luanG\AppData\Local\GitHubDesktop\bin;C:\Program Files\MongoDB\Server\5.0\bin;C:\Users\luanG\AppData\Roaming\npm;C:\Program Files\heroku\bin;C:\MinGW\bin;C:\vcpkg;
USERNAME=luanG
OS=Windows_NT
PROCESSOR_IDENTIFIER=Intel64 Family 6 Model 142 Stepping 11, GenuineIntel



---------------  S Y S T E M  ---------------

OS: Windows 10 , 64 bit Build 22000 (10.0.22000.708)
OS uptime: 2 days 11:13 hours
Hyper-V role detected

CPU:total 8 (initial active 8) (4 cores per cpu, 2 threads per core) family 6 model 142 stepping 11 microcode 0xf0, cmov, cx8, fxsr, mmx, sse, sse2, sse3, ssse3, sse4.1, sse4.2, popcnt, avx, avx2, aes, clmul, erms, 3dnowpref, lzcnt, ht, tsc, tscinvbit, bmi1, bmi2, adx, fma

Memory: 4k page, system-wide physical 3954M (109M free)
TotalPageFile size 10098M (AvailPageFile size 62M)
current process WorkingSet (physical memory assigned to process): 328M, peak: 330M
current process commit charge ("private bytes"): 442M, peak: 661M

vm_info: OpenJDK 64-Bit Server VM (11.0.12+7) for windows-amd64 JRE (11.0.12+7), built on Jul 21 2021 15:41:43 by "" with unknown MS VC++:1916

END.
