#
# There is insufficient memory for the Java Runtime Environment to continue.
# Native memory allocation (malloc) failed to allocate 825936 bytes for Chunk::new
# Possible reasons:
#   The system is out of physical RAM or swap space
#   The process is running with CompressedOops enabled, and the Java Heap may be blocking the growth of the native heap
# Possible solutions:
#   Reduce memory load on the system
#   Increase physical memory or swap space
#   Check if swap backing store is full
#   Decrease Java heap size (-Xmx/-Xms)
#   Decrease number of Java threads
#   Decrease Java thread stack sizes (-Xss)
#   Set larger code cache with -XX:ReservedCodeCacheSize=
#   JVM is running with Unscaled Compressed Oops mode in which the Java heap is
#     placed in the first 4GB address space. The Java Heap base address is the
#     maximum limit for the native heap growth. Please use -XX:HeapBaseMinAddress
#     to set the Java Heap base and to place the Java Heap above 4GB virtual address.
# This output file may be truncated or incomplete.
#
#  Out of Memory Error (./src/hotspot/share/memory/arena.cpp:197), pid=12504, tid=5420
#
# JRE version: OpenJDK Runtime Environment Microsoft-25199 (11.0.12+7) (build 11.0.12+7)
# Java VM: OpenJDK 64-Bit Server VM Microsoft-25199 (11.0.12+7, mixed mode, tiered, compressed oops, g1 gc, windows-amd64)
# No core dump will be written. Minidumps are not enabled by default on client versions of Windows
#

---------------  S U M M A R Y ------------

Command Line: com.xamarin.manifestmerger.Main obj\Debug\net6.0-android\android\manifestmerger.rsp

Host: Intel(R) Core(TM) i5-8265U CPU @ 1.60GHz, 8 cores, 3G,  Windows 10 , 64 bit Build 22621 (10.0.22621.608)
Time: Wed Oct 19 15:59:45 2022 E. South America Standard Time elapsed time: 0.294270 seconds (0d 0h 0m 0s)

---------------  T H R E A D  ---------------

Current thread (0x000001e04c46e000):  JavaThread "C2 CompilerThread0" daemon [_thread_in_native, id=5420, stack(0x0000004676700000,0x0000004676800000)]


Current CompileTask:
C2:    294  180   !   4       java.util.jar.Attributes::read (390 bytes)

Stack: [0x0000004676700000,0x0000004676800000]
Native frames: (J=compiled Java code, j=interpreted, Vv=VM code, C=native code)
V  [jvm.dll+0x6090fa]
V  [jvm.dll+0x79229e]
V  [jvm.dll+0x79396f]
V  [jvm.dll+0x794033]
V  [jvm.dll+0x24bed8]
V  [jvm.dll+0xc219c]
V  [jvm.dll+0xc275c]
V  [jvm.dll+0x354862]
V  [jvm.dll+0x321fb3]
V  [jvm.dll+0x3212ea]
V  [jvm.dll+0x205585]
V  [jvm.dll+0x20476d]
V  [jvm.dll+0x18996c]
V  [jvm.dll+0x213dd7]
V  [jvm.dll+0x211f9b]
V  [jvm.dll+0x7563a9]
V  [jvm.dll+0x74f414]
V  [jvm.dll+0x607f56]
C  [ucrtbase.dll+0x29363]
C  [KERNEL32.DLL+0x1244d]
C  [ntdll.dll+0x5df78]


---------------  P R O C E S S  ---------------

Threads class SMR info:
_java_thread_list=0x000001e04cf14180, length=10, elements={
0x000001e02fb1a000, 0x000001e04c449000, 0x000001e04c452800, 0x000001e04c468000,
0x000001e04c469800, 0x000001e04c46c800, 0x000001e04c46e000, 0x000001e04c478000,
0x000001e04c47d000, 0x000001e04cf44000
}

Java Threads: ( => current thread )
  0x000001e02fb1a000 JavaThread "main" [_thread_in_vm, id=13204, stack(0x0000004675b00000,0x0000004675c00000)]
  0x000001e04c449000 JavaThread "Reference Handler" daemon [_thread_blocked, id=4148, stack(0x0000004676200000,0x0000004676300000)]
  0x000001e04c452800 JavaThread "Finalizer" daemon [_thread_blocked, id=4232, stack(0x0000004676300000,0x0000004676400000)]
  0x000001e04c468000 JavaThread "Signal Dispatcher" daemon [_thread_blocked, id=16288, stack(0x0000004676400000,0x0000004676500000)]
  0x000001e04c469800 JavaThread "Attach Listener" daemon [_thread_blocked, id=1696, stack(0x0000004676500000,0x0000004676600000)]
  0x000001e04c46c800 JavaThread "Service Thread" daemon [_thread_blocked, id=6900, stack(0x0000004676600000,0x0000004676700000)]
=>0x000001e04c46e000 JavaThread "C2 CompilerThread0" daemon [_thread_in_native, id=5420, stack(0x0000004676700000,0x0000004676800000)]
  0x000001e04c478000 JavaThread "C1 CompilerThread0" daemon [_thread_blocked, id=3136, stack(0x0000004676800000,0x0000004676900000)]
  0x000001e04c47d000 JavaThread "Sweeper thread" daemon [_thread_blocked, id=17428, stack(0x0000004676900000,0x0000004676a00000)]
  0x000001e04cf44000 JavaThread "Common-Cleaner" daemon [_thread_blocked, id=13020, stack(0x0000004676b00000,0x0000004676c00000)]

Other Threads:
  0x000001e04c424000 VMThread "VM Thread" [stack: 0x0000004676100000,0x0000004676200000] [id=1020]
  0x000001e04cf20800 WatcherThread [stack: 0x0000004676a00000,0x0000004676b00000] [id=1972]
  0x000001e02fb32000 GCTaskThread "GC Thread#0" [stack: 0x0000004675c00000,0x0000004675d00000] [id=4052]
  0x000001e02fb50000 ConcurrentGCThread "G1 Main Marker" [stack: 0x0000004675d00000,0x0000004675e00000] [id=17900]
  0x000001e02fb52000 ConcurrentGCThread "G1 Conc#0" [stack: 0x0000004675e00000,0x0000004675f00000] [id=11948]
  0x000001e02fbaf000 ConcurrentGCThread "G1 Refine#0" [stack: 0x0000004675f00000,0x0000004676000000] [id=11980]
  0x000001e02fbb2000 ConcurrentGCThread "G1 Young RemSet Sampling" [stack: 0x0000004676000000,0x0000004676100000] [id=8196]

Threads with active compile tasks:
C2 CompilerThread0    346  180   !   4       java.util.jar.Attributes::read (390 bytes)

VM state:not at safepoint (normal execution)

VM Mutex/Monitor currently owned by a thread: None

Heap address: 0x00000000c2200000, size: 990 MB, Compressed Oops mode: 32-bit
Narrow klass base: 0x0000000000000000, Narrow klass shift: 3
Compressed class space size: 1073741824 Address: 0x0000000100000000

Heap:
 garbage-first heap   total 63488K, used 43008K [0x00000000c2200000, 0x0000000100000000)
  region size 1024K, 23 young (23552K), 0 survivors (0K)
 Metaspace       used 5181K, capacity 5272K, committed 5376K, reserved 1056768K
  class space    used 428K, capacity 456K, committed 512K, reserved 1048576K
Heap Regions: E=young(eden), S=young(survivor), O=old, HS=humongous(starts), HC=humongous(continues), CS=collection set, F=free, A=archive, TAMS=top-at-mark-start (previous, next)
|   0|0x00000000c2200000, 0x00000000c2300000, 0x00000000c2300000|100%|HS|  |TAMS 0x00000000c2200000, 0x00000000c2200000| Complete 
|   1|0x00000000c2300000, 0x00000000c2400000, 0x00000000c2400000|100%|HC|  |TAMS 0x00000000c2300000, 0x00000000c2300000| Complete 
|   2|0x00000000c2400000, 0x00000000c2500000, 0x00000000c2500000|100%|HC|  |TAMS 0x00000000c2400000, 0x00000000c2400000| Complete 
|   3|0x00000000c2500000, 0x00000000c2600000, 0x00000000c2600000|100%|HS|  |TAMS 0x00000000c2500000, 0x00000000c2500000| Complete 
|   4|0x00000000c2600000, 0x00000000c2700000, 0x00000000c2700000|100%|HC|  |TAMS 0x00000000c2600000, 0x00000000c2600000| Complete 
|   5|0x00000000c2700000, 0x00000000c2800000, 0x00000000c2800000|100%|HC|  |TAMS 0x00000000c2700000, 0x00000000c2700000| Complete 
|   6|0x00000000c2800000, 0x00000000c2900000, 0x00000000c2900000|100%|HS|  |TAMS 0x00000000c2800000, 0x00000000c2800000| Complete 
|   7|0x00000000c2900000, 0x00000000c2a00000, 0x00000000c2a00000|100%|HC|  |TAMS 0x00000000c2900000, 0x00000000c2900000| Complete 
|   8|0x00000000c2a00000, 0x00000000c2b00000, 0x00000000c2b00000|100%|HC|  |TAMS 0x00000000c2a00000, 0x00000000c2a00000| Complete 
|   9|0x00000000c2b00000, 0x00000000c2c00000, 0x00000000c2c00000|100%|HS|  |TAMS 0x00000000c2b00000, 0x00000000c2b00000| Complete 
|  10|0x00000000c2c00000, 0x00000000c2d00000, 0x00000000c2d00000|100%|HC|  |TAMS 0x00000000c2c00000, 0x00000000c2c00000| Complete 
|  11|0x00000000c2d00000, 0x00000000c2e00000, 0x00000000c2e00000|100%|HC|  |TAMS 0x00000000c2d00000, 0x00000000c2d00000| Complete 
|  12|0x00000000c2e00000, 0x00000000c2f00000, 0x00000000c2f00000|100%|HS|  |TAMS 0x00000000c2e00000, 0x00000000c2e00000| Complete 
|  13|0x00000000c2f00000, 0x00000000c3000000, 0x00000000c3000000|100%|HC|  |TAMS 0x00000000c2f00000, 0x00000000c2f00000| Complete 
|  14|0x00000000c3000000, 0x00000000c3100000, 0x00000000c3100000|100%|HC|  |TAMS 0x00000000c3000000, 0x00000000c3000000| Complete 
|  15|0x00000000c3100000, 0x00000000c3200000, 0x00000000c3200000|100%|HS|  |TAMS 0x00000000c3100000, 0x00000000c3100000| Complete 
|  16|0x00000000c3200000, 0x00000000c3300000, 0x00000000c3300000|100%|HC|  |TAMS 0x00000000c3200000, 0x00000000c3200000| Complete 
|  17|0x00000000c3300000, 0x00000000c3400000, 0x00000000c3400000|100%|HC|  |TAMS 0x00000000c3300000, 0x00000000c3300000| Complete 
|  18|0x00000000c3400000, 0x00000000c3500000, 0x00000000c3500000|100%|HS|  |TAMS 0x00000000c3400000, 0x00000000c3400000| Complete 
|  19|0x00000000c3500000, 0x00000000c3600000, 0x00000000c3600000|100%|HC|  |TAMS 0x00000000c3500000, 0x00000000c3500000| Complete 
|  20|0x00000000c3600000, 0x00000000c3700000, 0x00000000c3700000|100%|HC|  |TAMS 0x00000000c3600000, 0x00000000c3600000| Complete 
|  21|0x00000000c3700000, 0x00000000c3700000, 0x00000000c3800000|  0%| F|  |TAMS 0x00000000c3700000, 0x00000000c3700000| Untracked 
|  22|0x00000000c3800000, 0x00000000c3800000, 0x00000000c3900000|  0%| F|  |TAMS 0x00000000c3800000, 0x00000000c3800000| Untracked 
|  23|0x00000000c3900000, 0x00000000c3900000, 0x00000000c3a00000|  0%| F|  |TAMS 0x00000000c3900000, 0x00000000c3900000| Untracked 
|  24|0x00000000c3a00000, 0x00000000c3a00000, 0x00000000c3b00000|  0%| F|  |TAMS 0x00000000c3a00000, 0x00000000c3a00000| Untracked 
|  25|0x00000000c3b00000, 0x00000000c3b00000, 0x00000000c3c00000|  0%| F|  |TAMS 0x00000000c3b00000, 0x00000000c3b00000| Untracked 
|  26|0x00000000c3c00000, 0x00000000c3c00000, 0x00000000c3d00000|  0%| F|  |TAMS 0x00000000c3c00000, 0x00000000c3c00000| Untracked 
|  27|0x00000000c3d00000, 0x00000000c3d00000, 0x00000000c3e00000|  0%| F|  |TAMS 0x00000000c3d00000, 0x00000000c3d00000| Untracked 
|  28|0x00000000c3e00000, 0x00000000c3e00000, 0x00000000c3f00000|  0%| F|  |TAMS 0x00000000c3e00000, 0x00000000c3e00000| Untracked 
|  29|0x00000000c3f00000, 0x00000000c3f00000, 0x00000000c4000000|  0%| F|  |TAMS 0x00000000c3f00000, 0x00000000c3f00000| Untracked 
|  30|0x00000000c4000000, 0x00000000c4000000, 0x00000000c4100000|  0%| F|  |TAMS 0x00000000c4000000, 0x00000000c4000000| Untracked 
|  31|0x00000000c4100000, 0x00000000c4100000, 0x00000000c4200000|  0%| F|  |TAMS 0x00000000c4100000, 0x00000000c4100000| Untracked 
|  32|0x00000000c4200000, 0x00000000c4200000, 0x00000000c4300000|  0%| F|  |TAMS 0x00000000c4200000, 0x00000000c4200000| Untracked 
|  33|0x00000000c4300000, 0x00000000c4300000, 0x00000000c4400000|  0%| F|  |TAMS 0x00000000c4300000, 0x00000000c4300000| Untracked 
|  34|0x00000000c4400000, 0x00000000c4400000, 0x00000000c4500000|  0%| F|  |TAMS 0x00000000c4400000, 0x00000000c4400000| Untracked 
|  35|0x00000000c4500000, 0x00000000c4500000, 0x00000000c4600000|  0%| F|  |TAMS 0x00000000c4500000, 0x00000000c4500000| Untracked 
|  36|0x00000000c4600000, 0x00000000c4600000, 0x00000000c4700000|  0%| F|  |TAMS 0x00000000c4600000, 0x00000000c4600000| Untracked 
|  37|0x00000000c4700000, 0x00000000c4700000, 0x00000000c4800000|  0%| F|  |TAMS 0x00000000c4700000, 0x00000000c4700000| Untracked 
|  38|0x00000000c4800000, 0x00000000c4800000, 0x00000000c4900000|  0%| F|  |TAMS 0x00000000c4800000, 0x00000000c4800000| Untracked 
|  39|0x00000000c4900000, 0x00000000c497ee30, 0x00000000c4a00000| 49%| E|  |TAMS 0x00000000c4900000, 0x00000000c4900000| Complete 
|  40|0x00000000c4a00000, 0x00000000c4b00000, 0x00000000c4b00000|100%| E|CS|TAMS 0x00000000c4a00000, 0x00000000c4a00000| Complete 
|  41|0x00000000c4b00000, 0x00000000c4c00000, 0x00000000c4c00000|100%| E|CS|TAMS 0x00000000c4b00000, 0x00000000c4b00000| Complete 
|  42|0x00000000c4c00000, 0x00000000c4d00000, 0x00000000c4d00000|100%| E|CS|TAMS 0x00000000c4c00000, 0x00000000c4c00000| Complete 
|  43|0x00000000c4d00000, 0x00000000c4e00000, 0x00000000c4e00000|100%| E|CS|TAMS 0x00000000c4d00000, 0x00000000c4d00000| Complete 
|  44|0x00000000c4e00000, 0x00000000c4f00000, 0x00000000c4f00000|100%| E|CS|TAMS 0x00000000c4e00000, 0x00000000c4e00000| Complete 
|  45|0x00000000c4f00000, 0x00000000c5000000, 0x00000000c5000000|100%| E|CS|TAMS 0x00000000c4f00000, 0x00000000c4f00000| Complete 
|  46|0x00000000c5000000, 0x00000000c5100000, 0x00000000c5100000|100%| E|CS|TAMS 0x00000000c5000000, 0x00000000c5000000| Complete 
|  47|0x00000000c5100000, 0x00000000c5200000, 0x00000000c5200000|100%| E|CS|TAMS 0x00000000c5100000, 0x00000000c5100000| Complete 
|  48|0x00000000c5200000, 0x00000000c5300000, 0x00000000c5300000|100%| E|CS|TAMS 0x00000000c5200000, 0x00000000c5200000| Complete 
|  49|0x00000000c5300000, 0x00000000c5400000, 0x00000000c5400000|100%| E|  |TAMS 0x00000000c5300000, 0x00000000c5300000| Complete 
|  50|0x00000000c5400000, 0x00000000c5500000, 0x00000000c5500000|100%| E|CS|TAMS 0x00000000c5400000, 0x00000000c5400000| Complete 
|  51|0x00000000c5500000, 0x00000000c5600000, 0x00000000c5600000|100%| E|CS|TAMS 0x00000000c5500000, 0x00000000c5500000| Complete 
|  52|0x00000000c5600000, 0x00000000c5700000, 0x00000000c5700000|100%| E|CS|TAMS 0x00000000c5600000, 0x00000000c5600000| Complete 
|  53|0x00000000c5700000, 0x00000000c5800000, 0x00000000c5800000|100%| E|CS|TAMS 0x00000000c5700000, 0x00000000c5700000| Complete 
|  54|0x00000000c5800000, 0x00000000c5900000, 0x00000000c5900000|100%| E|CS|TAMS 0x00000000c5800000, 0x00000000c5800000| Complete 
|  55|0x00000000c5900000, 0x00000000c5a00000, 0x00000000c5a00000|100%| E|CS|TAMS 0x00000000c5900000, 0x00000000c5900000| Complete 
|  56|0x00000000c5a00000, 0x00000000c5b00000, 0x00000000c5b00000|100%| E|CS|TAMS 0x00000000c5a00000, 0x00000000c5a00000| Complete 
|  57|0x00000000c5b00000, 0x00000000c5c00000, 0x00000000c5c00000|100%| E|CS|TAMS 0x00000000c5b00000, 0x00000000c5b00000| Complete 
|  58|0x00000000c5c00000, 0x00000000c5d00000, 0x00000000c5d00000|100%| E|CS|TAMS 0x00000000c5c00000, 0x00000000c5c00000| Complete 
|  59|0x00000000c5d00000, 0x00000000c5e00000, 0x00000000c5e00000|100%| E|CS|TAMS 0x00000000c5d00000, 0x00000000c5d00000| Complete 
|  60|0x00000000c5e00000, 0x00000000c5f00000, 0x00000000c5f00000|100%| E|CS|TAMS 0x00000000c5e00000, 0x00000000c5e00000| Complete 
|  61|0x00000000c5f00000, 0x00000000c6000000, 0x00000000c6000000|100%| E|CS|TAMS 0x00000000c5f00000, 0x00000000c5f00000| Complete 

Card table byte_map: [0x000001e047760000,0x000001e047950000] _byte_map_base: 0x000001e04714f000

Marking Bits (Prev, Next): (CMBitMap*) 0x000001e02fb4b388, (CMBitMap*) 0x000001e02fb4b3c0
 Prev Bits: [0x000001e047b40000, 0x000001e048ab8000)
 Next Bits: [0x000001e048ac0000, 0x000001e049a38000)

Polling page: 0x000001e02da60000

Metaspace:

Usage:
  Non-class:      4.77 MB capacity,     4.73 MB (>99%) used,    32.09 KB ( <1%) free+waste,     1.06 KB ( <1%) overhead. 
      Class:    456.00 KB capacity,   434.94 KB ( 95%) used,    20.63 KB (  5%) free+waste,   448 bytes ( <1%) overhead. 
       Both:      5.21 MB capacity,     5.16 MB ( 99%) used,    52.72 KB ( <1%) free+waste,     1.50 KB ( <1%) overhead. 

Virtual space:
  Non-class space:        8.00 MB reserved,       5.00 MB ( 63%) committed 
      Class space:        1.00 GB reserved,     512.00 KB ( <1%) committed 
             Both:        1.01 GB reserved,       5.50 MB ( <1%) committed 

Chunk freelists:
   Non-Class:  48.00 KB
       Class:  24.00 KB
        Both:  72.00 KB

MaxMetaspaceSize: 17179869184.00 GB
CompressedClassSpaceSize: 1.00 GB
Initial GC threshold: 20.80 MB
Current GC threshold: 20.80 MB
CDS: off

CodeHeap 'non-profiled nmethods': size=120000Kb used=56Kb max_used=56Kb free=119943Kb
 bounds [0x000001e03fd00000, 0x000001e03ff70000, 0x000001e047230000]
CodeHeap 'profiled nmethods': size=120000Kb used=278Kb max_used=278Kb free=119721Kb
 bounds [0x000001e0387d0000, 0x000001e038a40000, 0x000001e03fd00000]
CodeHeap 'non-nmethods': size=5760Kb used=1092Kb max_used=1092Kb free=4667Kb
 bounds [0x000001e038230000, 0x000001e0384a0000, 0x000001e0387d0000]
 total_blobs=519 nmethods=193 adapters=239
 compilation: enabled
              stopped_count=0, restarted_count=0
 full_count=0

Compilation events (20 events):
Event: 0.221 Thread 0x000001e04c478000  174       3       java.util.LinkedHashMap::<init> (11 bytes)
Event: 0.221 Thread 0x000001e04c478000 nmethod 174 0x000001e038810d10 code [0x000001e038810f00, 0x000001e0388110a8]
Event: 0.221 Thread 0x000001e04c478000  175       3       java.util.jar.Manifest::parseName (84 bytes)
Event: 0.222 Thread 0x000001e04c478000 nmethod 175 0x000001e038811190 code [0x000001e0388113a0, 0x000001e038811b28]
Event: 0.222 Thread 0x000001e04c478000  176       3       java.util.jar.Manifest::getAttributes (14 bytes)
Event: 0.222 Thread 0x000001e04c478000 nmethod 176 0x000001e038811d10 code [0x000001e038811ee0, 0x000001e0388121a8]
Event: 0.226 Thread 0x000001e04c46e000 nmethod 156 0x000001e03fd0b910 code [0x000001e03fd0bae0, 0x000001e03fd0c1d8]
Event: 0.226 Thread 0x000001e04c46e000  160 %     4       java.lang.StringCoding::hasNegatives @ 2 (25 bytes)
Event: 0.232 Thread 0x000001e04c46e000 nmethod 160% 0x000001e03fd0c610 code [0x000001e03fd0c7a0, 0x000001e03fd0c9d8]
Event: 0.232 Thread 0x000001e04c46e000  183       4       java.lang.String::hashCode (49 bytes)
Event: 0.233 Thread 0x000001e04c478000  186       2       java.lang.StringCoding::decodeUTF8 (45 bytes)
Event: 0.233 Thread 0x000001e04c478000 nmethod 186 0x000001e038812290 code [0x000001e038812480, 0x000001e0388126d8]
Event: 0.241 Thread 0x000001e04c46e000 nmethod 183 0x000001e03fd0cb10 code [0x000001e03fd0cca0, 0x000001e03fd0ceb8]
Event: 0.241 Thread 0x000001e04c46e000  180   !   4       java.util.jar.Attributes::read (390 bytes)
Event: 0.281 Thread 0x000001e04c478000  200  s    2       java.io.ByteArrayInputStream::read (73 bytes)
Event: 0.282 Thread 0x000001e04c478000 nmethod 200 0x000001e038812810 code [0x000001e0388129e0, 0x000001e038812e98]
Event: 0.282 Thread 0x000001e04c478000  202       2       java.util.jar.Manifest$FastInputStream::fill (38 bytes)
Event: 0.282 Thread 0x000001e04c478000 nmethod 202 0x000001e038813010 code [0x000001e0388131c0, 0x000001e038813328]
Event: 0.282 Thread 0x000001e04c478000  201       2       java.util.Objects::checkFromIndexSize (8 bytes)
Event: 0.282 Thread 0x000001e04c478000 nmethod 201 0x000001e038813410 code [0x000001e0388135c0, 0x000001e038813708]

GC Heap History (0 events):
No events

Deoptimization events (20 events):
Event: 0.291 Thread 0x000001e02fb1a000 DEOPT PACKING pc=0x000001e0387fabd0 sp=0x0000004675bfdf50
Event: 0.291 Thread 0x000001e02fb1a000 DEOPT UNPACKING pc=0x000001e03827a95e sp=0x0000004675bfd3d8 mode 0
Event: 0.291 Thread 0x000001e02fb1a000 DEOPT PACKING pc=0x000001e0387fabd0 sp=0x0000004675bfdf50
Event: 0.291 Thread 0x000001e02fb1a000 DEOPT UNPACKING pc=0x000001e03827a95e sp=0x0000004675bfd3d8 mode 0
Event: 0.291 Thread 0x000001e02fb1a000 DEOPT PACKING pc=0x000001e0387fabd0 sp=0x0000004675bfdfc0
Event: 0.291 Thread 0x000001e02fb1a000 DEOPT UNPACKING pc=0x000001e03827a95e sp=0x0000004675bfd448 mode 0
Event: 0.291 Thread 0x000001e02fb1a000 DEOPT PACKING pc=0x000001e0387fabd0 sp=0x0000004675bfdf50
Event: 0.291 Thread 0x000001e02fb1a000 DEOPT UNPACKING pc=0x000001e03827a95e sp=0x0000004675bfd3d8 mode 0
Event: 0.291 Thread 0x000001e02fb1a000 DEOPT PACKING pc=0x000001e0387fabd0 sp=0x0000004675bfdf50
Event: 0.291 Thread 0x000001e02fb1a000 DEOPT UNPACKING pc=0x000001e03827a95e sp=0x0000004675bfd3d8 mode 0
Event: 0.292 Thread 0x000001e02fb1a000 DEOPT PACKING pc=0x000001e0387fabd0 sp=0x0000004675bfde20
Event: 0.292 Thread 0x000001e02fb1a000 DEOPT UNPACKING pc=0x000001e03827a95e sp=0x0000004675bfd2a8 mode 0
Event: 0.292 Thread 0x000001e02fb1a000 DEOPT PACKING pc=0x000001e0387fabd0 sp=0x0000004675bfde20
Event: 0.292 Thread 0x000001e02fb1a000 DEOPT UNPACKING pc=0x000001e03827a95e sp=0x0000004675bfd2a8 mode 0
Event: 0.292 Thread 0x000001e02fb1a000 DEOPT PACKING pc=0x000001e0387fabd0 sp=0x0000004675bfdf50
Event: 0.292 Thread 0x000001e02fb1a000 DEOPT UNPACKING pc=0x000001e03827a95e sp=0x0000004675bfd3d8 mode 0
Event: 0.292 Thread 0x000001e02fb1a000 DEOPT PACKING pc=0x000001e0387fabd0 sp=0x0000004675bfdf50
Event: 0.292 Thread 0x000001e02fb1a000 DEOPT UNPACKING pc=0x000001e03827a95e sp=0x0000004675bfd3d8 mode 0
Event: 0.292 Thread 0x000001e02fb1a000 DEOPT PACKING pc=0x000001e0387fabd0 sp=0x0000004675bfe030
Event: 0.292 Thread 0x000001e02fb1a000 DEOPT UNPACKING pc=0x000001e03827a95e sp=0x0000004675bfd4b8 mode 0

Classes redefined (0 events):
No events

Internal exceptions (0 events):
No events

Events (20 events):
Event: 0.154 loading class java/util/zip/ZipFile$InflaterCleanupAction done
Event: 0.185 loading class jdk/internal/loader/URLClassPath$JarLoader$2
Event: 0.186 loading class jdk/internal/loader/Resource
Event: 0.186 loading class jdk/internal/loader/Resource done
Event: 0.186 loading class jdk/internal/loader/URLClassPath$JarLoader$2 done
Event: 0.203 loading class java/util/jar/JarVerifier
Event: 0.204 loading class java/util/jar/JarVerifier done
Event: 0.204 loading class sun/security/util/Debug
Event: 0.204 loading class sun/security/util/Debug done
Event: 0.204 loading class java/security/CodeSigner
Event: 0.205 loading class java/security/CodeSigner done
Event: 0.205 loading class java/io/ByteArrayOutputStream
Event: 0.205 loading class java/io/ByteArrayOutputStream done
Event: 0.206 loading class java/util/jar/Attributes
Event: 0.206 loading class java/util/jar/Attributes done
Event: 0.206 loading class java/util/jar/Manifest$FastInputStream
Event: 0.206 loading class java/util/jar/Manifest$FastInputStream done
Event: 0.206 loading class java/util/jar/Attributes$Name
Event: 0.206 loading class java/util/jar/Attributes$Name done
Event: 0.292 loading class sun/security/util/ManifestEntryVerifier


Dynamic libraries:
0x00007ff7f2b80000 - 0x00007ff7f2b8d000 	C:\Program Files\Microsoft\jdk-11.0.12.7-hotspot\bin\java.exe
0x00007ff815f30000 - 0x00007ff816144000 	C:\WINDOWS\SYSTEM32\ntdll.dll
0x00007ff8149c0000 - 0x00007ff814a82000 	C:\WINDOWS\System32\KERNEL32.DLL
0x00007ff813570000 - 0x00007ff81390c000 	C:\WINDOWS\System32\KERNELBASE.dll
0x00007ff8139c0000 - 0x00007ff813ad1000 	C:\WINDOWS\System32\ucrtbase.dll
0x00007fffee760000 - 0x00007fffee775000 	C:\Program Files\Microsoft\jdk-11.0.12.7-hotspot\bin\VCRUNTIME140.dll
0x00007fffedd90000 - 0x00007fffedda7000 	C:\Program Files\Microsoft\jdk-11.0.12.7-hotspot\bin\jli.dll
0x00007ff8144a0000 - 0x00007ff81464a000 	C:\WINDOWS\System32\USER32.dll
0x00007ff813990000 - 0x00007ff8139b6000 	C:\WINDOWS\System32\win32u.dll
0x00007ff814a90000 - 0x00007ff814ab9000 	C:\WINDOWS\System32\GDI32.dll
0x00007ff813c10000 - 0x00007ff813d22000 	C:\WINDOWS\System32\gdi32full.dll
0x00007ff813360000 - 0x00007ff8133fa000 	C:\WINDOWS\System32\msvcp_win.dll
0x00007ffffcf20000 - 0x00007ffffd1ae000 	C:\WINDOWS\WinSxS\amd64_microsoft.windows.common-controls_6595b64144ccf1df_6.0.22621.608_none_a9444ca7c10bb01d\COMCTL32.dll
0x00007ff815c80000 - 0x00007ff815d27000 	C:\WINDOWS\System32\msvcrt.dll
0x00007ff815b80000 - 0x00007ff815bb1000 	C:\WINDOWS\System32\IMM32.DLL
0x00007fffd6d50000 - 0x00007fffd6deb000 	C:\Program Files\Microsoft\jdk-11.0.12.7-hotspot\bin\msvcp140.dll
0x00007fffb1710000 - 0x00007fffb2271000 	C:\Program Files\Microsoft\jdk-11.0.12.7-hotspot\bin\server\jvm.dll
0x00007ff813d30000 - 0x00007ff813dde000 	C:\WINDOWS\System32\ADVAPI32.dll
0x00007ff815bd0000 - 0x00007ff815c74000 	C:\WINDOWS\System32\sechost.dll
0x00007ff814ac0000 - 0x00007ff814bd5000 	C:\WINDOWS\System32\RPCRT4.dll
0x00007ff815bc0000 - 0x00007ff815bc8000 	C:\WINDOWS\System32\PSAPI.DLL
0x00007ff802220000 - 0x00007ff802229000 	C:\WINDOWS\SYSTEM32\WSOCK32.dll
0x00007ff814650000 - 0x00007ff8146c1000 	C:\WINDOWS\System32\WS2_32.dll
0x00007ff8091c0000 - 0x00007ff8091f4000 	C:\WINDOWS\SYSTEM32\WINMM.dll
0x00007ff809670000 - 0x00007ff80967a000 	C:\WINDOWS\SYSTEM32\VERSION.dll
0x00007ff8123a0000 - 0x00007ff8123b8000 	C:\WINDOWS\SYSTEM32\kernel.appcore.dll
0x00007ffff4120000 - 0x00007ffff4130000 	C:\Program Files\Microsoft\jdk-11.0.12.7-hotspot\bin\verify.dll
0x00007ff80ec30000 - 0x00007ff80ee5e000 	C:\WINDOWS\SYSTEM32\DBGHELP.DLL
0x00007ff813fe0000 - 0x00007ff814369000 	C:\WINDOWS\System32\combase.dll
0x00007ff815a10000 - 0x00007ff815ae7000 	C:\WINDOWS\System32\OLEAUT32.dll
0x00007ff801a20000 - 0x00007ff801a52000 	C:\WINDOWS\SYSTEM32\dbgcore.DLL
0x00007ff813910000 - 0x00007ff81398b000 	C:\WINDOWS\System32\bcryptPrimitives.dll
0x00007fffed9d0000 - 0x00007fffed9f8000 	C:\Program Files\Microsoft\jdk-11.0.12.7-hotspot\bin\java.dll
0x00007ffff3f60000 - 0x00007ffff3f6a000 	C:\Program Files\Microsoft\jdk-11.0.12.7-hotspot\bin\jimage.dll
0x00007fffed9b0000 - 0x00007fffed9c7000 	C:\Program Files\Microsoft\jdk-11.0.12.7-hotspot\bin\zip.dll
0x00007ff814be0000 - 0x00007ff8153bd000 	C:\WINDOWS\System32\SHELL32.dll
0x00007ff811370000 - 0x00007ff811c27000 	C:\WINDOWS\SYSTEM32\windows.storage.dll
0x00007ff811230000 - 0x00007ff81136d000 	C:\WINDOWS\SYSTEM32\wintypes.dll
0x00007ff8153c0000 - 0x00007ff8154b1000 	C:\WINDOWS\System32\SHCORE.dll
0x00007ff813f80000 - 0x00007ff813fde000 	C:\WINDOWS\System32\shlwapi.dll
0x00007ff813290000 - 0x00007ff8132b1000 	C:\WINDOWS\SYSTEM32\profapi.dll
0x00007fffed6c0000 - 0x00007fffed6d9000 	C:\Program Files\Microsoft\jdk-11.0.12.7-hotspot\bin\net.dll
0x00007ff809200000 - 0x00007ff80932f000 	C:\WINDOWS\SYSTEM32\WINHTTP.dll
0x00007ff8127f0000 - 0x00007ff812859000 	C:\WINDOWS\system32\mswsock.dll
0x00007fffece40000 - 0x00007fffece52000 	C:\Program Files\Microsoft\jdk-11.0.12.7-hotspot\bin\nio.dll

dbghelp: loaded successfully - version: 4.0.5 - missing functions: none
symbol engine: initialized successfully - sym options: 0x614 - pdb path: .;C:\Program Files\Microsoft\jdk-11.0.12.7-hotspot\bin;C:\WINDOWS\SYSTEM32;C:\WINDOWS\WinSxS\amd64_microsoft.windows.common-controls_6595b64144ccf1df_6.0.22621.608_none_a9444ca7c10bb01d;C:\Program Files\Microsoft\jdk-11.0.12.7-hotspot\bin\server

VM Arguments:
java_command: com.xamarin.manifestmerger.Main obj\Debug\net6.0-android\android\manifestmerger.rsp
java_class_path (initial): C:\Program Files\dotnet\packs\Microsoft.Android.Sdk.Windows\32.0.476\tools\manifestmerger.jar
Launcher Type: SUN_STANDARD

[Global flags]
     intx CICompilerCount                          = 4                                         {product} {ergonomic}
     uint ConcGCThreads                            = 2                                         {product} {ergonomic}
     uint G1ConcRefinementThreads                  = 8                                         {product} {ergonomic}
   size_t G1HeapRegionSize                         = 1048576                                   {product} {ergonomic}
    uintx GCDrainStackTargetSize                   = 64                                        {product} {ergonomic}
   size_t InitialHeapSize                          = 65011712                                  {product} {ergonomic}
   size_t MarkStackSize                            = 4194304                                   {product} {ergonomic}
   size_t MaxHeapSize                              = 1038090240                                {product} {ergonomic}
   size_t MaxNewSize                               = 622854144                                 {product} {ergonomic}
   size_t MinHeapDeltaBytes                        = 1048576                                   {product} {ergonomic}
    uintx NonNMethodCodeHeapSize                   = 5836300                                {pd product} {ergonomic}
    uintx NonProfiledCodeHeapSize                  = 122910970                              {pd product} {ergonomic}
    uintx ProfiledCodeHeapSize                     = 122910970                              {pd product} {ergonomic}
    uintx ReservedCodeCacheSize                    = 251658240                              {pd product} {ergonomic}
     bool SegmentedCodeCache                       = true                                      {product} {ergonomic}
     bool UseCompressedClassPointers               = true                                 {lp64_product} {ergonomic}
     bool UseCompressedOops                        = true                                 {lp64_product} {ergonomic}
     bool UseG1GC                                  = true                                      {product} {ergonomic}
     bool UseLargePagesIndividualAllocation        = false                                  {pd product} {ergonomic}

Logging:
Log output configuration:
 #0: stdout all=warning uptime,level,tags
 #1: stderr all=off uptime,level,tags

Environment Variables:
PATH=C:\Program Files\Microsoft\jdk-11.0.12.7-hotspot\bin;C:\Program Files\AdoptOpenJDK\jre-11.0.8.10-hotspot\bin;C:\WINDOWS\system32;C:\WINDOWS;C:\WINDOWS\System32\Wbem;C:\WINDOWS\System32\WindowsPowerShell\v1.0\;C:\WINDOWS\System32\OpenSSH\;C:\Program Files (x86)\Intel\Intel(R) Management Engine Components\DAL;C:\Program Files\Intel\Intel(R) Management Engine Components\DAL;C:\Program Files\Crucial\Crucial Storage Executive;C:\Program Files\dotnet\;C:\Program Files\Git\cmd;C:\msys64\mingw64\bin;C:\Program Files\nodejs\;C:\ProgramData\chocolatey\bin;C:\Program Files\MongoDB\Tools\100\bin;C:\Program Files\GitHub CLI\;C:\vcpkg;C:\Program Files\Microsoft SQL Server\150\Tools\Binn\;C:\Program Files (x86)\Windows Kits\10\Windows Performance Toolkit\;C:\Program Files\Microsoft SQL Server\Client SDK\ODBC\170\Tools\Binn\;%SystemRoot%\system32;%SystemRoot%;%SystemRoot%\System32\Wbem;%SYSTEMROOT%\System32\WindowsPowerShell\v1.0\;%SYSTEMROOT%\System32\OpenSSH\;C:\Users\luanG\AppData\Local\Microsoft\WindowsApps;C:\Users\luanG\AppData\Local\Programs\Microsoft VS Code\bin;C:\Users\luanG\.dotnet\tools;C:\Users\luanG\AppData\Local\GitHubDesktop\bin;C:\Program Files\MongoDB\Server\5.0\bin;C:\Users\luanG\AppData\Roaming\npm;C:\Program Files\heroku\bin;C:\MinGW\bin;C:\vcpkg;
USERNAME=luanG
OS=Windows_NT
PROCESSOR_IDENTIFIER=Intel64 Family 6 Model 142 Stepping 11, GenuineIntel



---------------  S Y S T E M  ---------------

OS: Windows 10 , 64 bit Build 22621 (10.0.22621.608)
OS uptime: 0 days 14:54 hours
Hyper-V role detected

CPU:total 8 (initial active 8) (4 cores per cpu, 2 threads per core) family 6 model 142 stepping 11 microcode 0xf0, cmov, cx8, fxsr, mmx, sse, sse2, sse3, ssse3, sse4.1, sse4.2, popcnt, avx, avx2, aes, clmul, erms, 3dnowpref, lzcnt, ht, tsc, tscinvbit, bmi1, bmi2, adx, fma

Memory: 4k page, system-wide physical 3954M (97M free)
TotalPageFile size 10098M (AvailPageFile size 2M)
current process WorkingSet (physical memory assigned to process): 74M, peak: 74M
current process commit charge ("private bytes"): 140M, peak: 140M

vm_info: OpenJDK 64-Bit Server VM (11.0.12+7) for windows-amd64 JRE (11.0.12+7), built on Jul 21 2021 15:41:43 by "" with unknown MS VC++:1916

END.
